0 verbose cli /usr/local/bin/node /usr/local/bin/npm
1 info using npm@11.6.2
2 info using node@v24.13.0
3 silly config load:file:/usr/local/lib/node_modules/npm/npmrc
4 silly config load:file:/Users/budapudi/Documents/Dev/GameSlot/.npmrc
5 silly config load:file:/Users/budapudi/.npmrc
6 silly config load:file:/usr/local/etc/npmrc
7 verbose title npm run deploy:prod
8 verbose argv "run" "deploy:prod"
9 verbose logfile logs-max:10 dir:/Users/budapudi/Documents/Dev/GameSlot/.npm_local_cache/_logs/2026-02-28T05_44_47_288Z-
10 verbose logfile /Users/budapudi/Documents/Dev/GameSlot/.npm_local_cache/_logs/2026-02-28T05_44_47_288Z-debug-0.log
11 silly logfile done cleaning log files
12 http fetch GET 200 https://registry.npmjs.org/npm 587ms
13 verbose cwd /Users/budapudi/Documents/Dev/GameSlot
14 verbose os Darwin 25.2.0
15 verbose node v24.13.0
16 verbose npm  v11.6.2
17 notice
17 notice New [33mminor[39m version of npm available! [33m11.6.2[39m -> [34m11.11.0[39m
17 notice Changelog: [34mhttps://github.com/npm/cli/releases/tag/v11.11.0[39m
17 notice To update run: [4mnpm install -g npm@11.11.0[24m
17 notice  { force: true, Symbol(proc-log.meta): true }
18 verbose exit 255
19 verbose code 255
