0 verbose cli /usr/local/bin/node /usr/local/bin/npm
1 info using npm@11.6.2
2 info using node@v24.13.0
3 silly config load:file:/usr/local/lib/node_modules/npm/npmrc
4 silly config load:file:/Users/budapudi/Library/CloudStorage/OneDrive-Hilti(2)/Documents/DevCohort/Masti/GameSlot/.npmrc
5 silly config load:file:/Users/budapudi/.npmrc
6 silly config load:file:/usr/local/etc/npmrc
7 verbose title npm install puppeteer
8 verbose argv "install" "puppeteer" "--cache" "./npm-cache"
9 verbose logfile logs-max:10 dir:/Users/budapudi/Library/CloudStorage/OneDrive-Hilti(2)/Documents/DevCohort/Masti/GameSlot/npm-cache/_logs/2026-02-11T03_48_43_123Z-
10 verbose logfile /Users/budapudi/Library/CloudStorage/OneDrive-Hilti(2)/Documents/DevCohort/Masti/GameSlot/npm-cache/_logs/2026-02-11T03_48_43_123Z-debug-0.log
11 silly logfile done cleaning log files
12 silly packumentCache heap:4496293888 maxSize:1124073472 maxEntrySize:562036736
13 verbose shrinkwrap failed to load node_modules/.package-lock.json out of date, updated: node_modules
14 silly idealTree buildDeps
15 silly fetch manifest puppeteer@*
16 silly packumentCache full:https://registry.npmjs.org/puppeteer cache-miss
17 http fetch GET 200 https://registry.npmjs.org/npm 526ms
18 http fetch GET 200 https://registry.npmjs.org/puppeteer 388ms (cache miss)
19 silly packumentCache full:https://registry.npmjs.org/puppeteer set size:undefined disposed:false
20 silly placeDep ROOT puppeteer@24.37.2 OK for: gameslot@1.0.0 want: *
21 silly fetch manifest @puppeteer/browsers@2.12.0
22 silly packumentCache full:https://registry.npmjs.org/@puppeteer%2fbrowsers cache-miss
23 silly fetch manifest chromium-bidi@13.1.1
24 silly packumentCache full:https://registry.npmjs.org/chromium-bidi cache-miss
25 silly fetch manifest cosmiconfig@^9.0.0
26 silly packumentCache full:https://registry.npmjs.org/cosmiconfig cache-miss
27 silly fetch manifest devtools-protocol@0.0.1566079
28 silly packumentCache full:https://registry.npmjs.org/devtools-protocol cache-miss
29 silly fetch manifest puppeteer-core@24.37.2
30 silly packumentCache full:https://registry.npmjs.org/puppeteer-core cache-miss
31 silly fetch manifest typed-query-selector@^2.12.0
32 silly packumentCache full:https://registry.npmjs.org/typed-query-selector cache-miss
33 http fetch GET 200 https://registry.npmjs.org/@puppeteer%2fbrowsers 55ms (cache miss)
34 silly packumentCache full:https://registry.npmjs.org/@puppeteer%2fbrowsers set size:undefined disposed:false
35 http fetch GET 200 https://registry.npmjs.org/chromium-bidi 62ms (cache miss)
36 silly packumentCache full:https://registry.npmjs.org/chromium-bidi set size:undefined disposed:false
37 http fetch GET 200 https://registry.npmjs.org/puppeteer-core 108ms (cache miss)
38 silly packumentCache full:https://registry.npmjs.org/puppeteer-core set size:undefined disposed:false
39 http fetch GET 200 https://registry.npmjs.org/cosmiconfig 121ms (cache miss)
40 silly packumentCache full:https://registry.npmjs.org/cosmiconfig set size:undefined disposed:false
41 http fetch GET 200 https://registry.npmjs.org/devtools-protocol 155ms (cache miss)
42 silly packumentCache full:https://registry.npmjs.org/devtools-protocol set size:undefined disposed:false
43 http fetch GET 200 https://registry.npmjs.org/typed-query-selector 215ms (cache miss)
44 silly packumentCache full:https://registry.npmjs.org/typed-query-selector set size:undefined disposed:false
45 silly fetch manifest typescript@>=4.9.5
46 silly packumentCache full:https://registry.npmjs.org/typescript cache-miss
47 http fetch GET 200 https://registry.npmjs.org/typescript 178ms (cache miss)
48 silly packumentCache full:https://registry.npmjs.org/typescript set size:undefined disposed:false
49 silly placeDep ROOT @puppeteer/browsers@2.12.0 OK for: puppeteer@24.37.2 want: 2.12.0
50 silly placeDep ROOT chromium-bidi@13.1.1 OK for: puppeteer@24.37.2 want: 13.1.1
51 silly placeDep ROOT devtools-protocol@0.0.1566079 OK for: chromium-bidi@13.1.1 want: *
52 silly placeDep ROOT cosmiconfig@9.0.0 OK for: puppeteer@24.37.2 want: ^9.0.0
53 silly placeDep ROOT puppeteer-core@24.37.2 OK for: puppeteer@24.37.2 want: 24.37.2
54 silly placeDep ROOT typed-query-selector@2.12.0 OK for: puppeteer@24.37.2 want: ^2.12.0
55 silly fetch manifest extract-zip@^2.0.1
56 silly packumentCache full:https://registry.npmjs.org/extract-zip cache-miss
57 silly fetch manifest tar-fs@^3.1.1
58 silly packumentCache full:https://registry.npmjs.org/tar-fs cache-miss
59 silly fetch manifest mitt@^3.0.1
60 silly packumentCache full:https://registry.npmjs.org/mitt cache-miss
61 silly fetch manifest import-fresh@^3.3.0
62 silly packumentCache full:https://registry.npmjs.org/import-fresh cache-miss
63 silly fetch manifest webdriver-bidi-protocol@0.4.0
64 silly packumentCache full:https://registry.npmjs.org/webdriver-bidi-protocol cache-miss
65 http fetch GET 200 https://registry.npmjs.org/tar-fs 37ms (cache miss)
66 silly packumentCache full:https://registry.npmjs.org/tar-fs set size:undefined disposed:false
67 http fetch GET 200 https://registry.npmjs.org/import-fresh 43ms (cache miss)
68 silly packumentCache full:https://registry.npmjs.org/import-fresh set size:undefined disposed:false
69 http fetch GET 200 https://registry.npmjs.org/mitt 49ms (cache miss)
70 silly packumentCache full:https://registry.npmjs.org/mitt set size:undefined disposed:false
71 http fetch GET 200 https://registry.npmjs.org/extract-zip 67ms (cache miss)
72 silly packumentCache full:https://registry.npmjs.org/extract-zip set size:undefined disposed:false
73 http fetch GET 200 https://registry.npmjs.org/webdriver-bidi-protocol 154ms (cache miss)
74 silly packumentCache full:https://registry.npmjs.org/webdriver-bidi-protocol set size:undefined disposed:false
75 silly placeDep ROOT extract-zip@2.0.1 OK for: @puppeteer/browsers@2.12.0 want: ^2.0.1
76 silly placeDep ROOT tar-fs@3.1.1 OK for: @puppeteer/browsers@2.12.0 want: ^3.1.1
77 silly fetch manifest get-stream@^5.1.0
78 silly packumentCache full:https://registry.npmjs.org/get-stream cache-miss
79 silly fetch manifest yauzl@^2.10.0
80 silly packumentCache full:https://registry.npmjs.org/yauzl cache-miss
81 silly fetch manifest @types/yauzl@^2.9.1
82 silly packumentCache full:https://registry.npmjs.org/@types%2fyauzl cache-miss
83 silly fetch manifest pump@^3.0.0
84 silly packumentCache full:https://registry.npmjs.org/pump cache-miss
85 silly fetch manifest bare-fs@^4.0.1
86 silly packumentCache full:https://registry.npmjs.org/bare-fs cache-miss
87 silly fetch manifest bare-path@^3.0.0
88 silly packumentCache full:https://registry.npmjs.org/bare-path cache-miss
89 http fetch GET 200 https://registry.npmjs.org/yauzl 32ms (cache miss)
90 silly packumentCache full:https://registry.npmjs.org/yauzl set size:undefined disposed:false
91 http fetch GET 200 https://registry.npmjs.org/get-stream 40ms (cache miss)
92 silly packumentCache full:https://registry.npmjs.org/get-stream set size:undefined disposed:false
93 http fetch GET 200 https://registry.npmjs.org/pump 43ms (cache miss)
94 silly packumentCache full:https://registry.npmjs.org/pump set size:undefined disposed:false
95 http fetch GET 200 https://registry.npmjs.org/bare-fs 43ms (cache miss)
96 silly packumentCache full:https://registry.npmjs.org/bare-fs set size:undefined disposed:false
97 http fetch GET 200 https://registry.npmjs.org/bare-path 64ms (cache miss)
98 silly packumentCache full:https://registry.npmjs.org/bare-path set size:undefined disposed:false
99 http fetch GET 200 https://registry.npmjs.org/@types%2fyauzl 108ms (cache miss)
100 silly packumentCache full:https://registry.npmjs.org/@types%2fyauzl set size:undefined disposed:false
101 silly placeDep ROOT mitt@3.0.1 OK for: chromium-bidi@13.1.1 want: ^3.0.1
102 silly placeDep ROOT import-fresh@3.3.1 OK for: cosmiconfig@9.0.0 want: ^3.3.0
103 silly fetch manifest parent-module@^1.0.0
104 silly packumentCache full:https://registry.npmjs.org/parent-module cache-miss
105 silly fetch manifest resolve-from@^4.0.0
106 silly packumentCache full:https://registry.npmjs.org/resolve-from cache-miss
107 http fetch GET 200 https://registry.npmjs.org/parent-module 30ms (cache miss)
108 silly packumentCache full:https://registry.npmjs.org/parent-module set size:undefined disposed:false
109 http fetch GET 200 https://registry.npmjs.org/resolve-from 31ms (cache miss)
110 silly packumentCache full:https://registry.npmjs.org/resolve-from set size:undefined disposed:false
111 silly placeDep ROOT @types/yauzl@2.10.3 OK for: extract-zip@2.0.1 want: ^2.9.1
112 silly placeDep node_modules/extract-zip get-stream@5.2.0 OK for: extract-zip@2.0.1 want: ^5.1.0
113 silly placeDep ROOT yauzl@2.10.0 OK for: extract-zip@2.0.1 want: ^2.10.0
114 silly fetch manifest fd-slicer@~1.1.0
115 silly packumentCache full:https://registry.npmjs.org/fd-slicer cache-miss
116 silly fetch manifest buffer-crc32@~0.2.3
117 silly packumentCache full:https://registry.npmjs.org/buffer-crc32 cache-miss
118 http fetch GET 200 https://registry.npmjs.org/fd-slicer 75ms (cache miss)
119 silly packumentCache full:https://registry.npmjs.org/fd-slicer set size:undefined disposed:false
120 http fetch GET 200 https://registry.npmjs.org/buffer-crc32 178ms (cache miss)
121 silly packumentCache full:https://registry.npmjs.org/buffer-crc32 set size:undefined disposed:false
122 silly placeDep ROOT parent-module@1.0.1 OK for: import-fresh@3.3.1 want: ^1.0.0
123 silly placeDep node_modules/import-fresh resolve-from@4.0.0 OK for: import-fresh@3.3.1 want: ^4.0.0
124 silly placeDep ROOT webdriver-bidi-protocol@0.4.0 OK for: puppeteer-core@24.37.2 want: 0.4.0
125 silly fetch manifest bare-buffer@*
126 silly packumentCache full:https://registry.npmjs.org/bare-buffer cache-miss
127 http fetch GET 200 https://registry.npmjs.org/bare-buffer 43ms (cache miss)
128 silly packumentCache full:https://registry.npmjs.org/bare-buffer set size:undefined disposed:false
129 silly placeDep ROOT bare-fs@4.5.3 OK for: tar-fs@3.1.1 want: ^4.0.1
130 silly placeDep ROOT bare-path@3.0.0 OK for: tar-fs@3.1.1 want: ^3.0.0
131 silly placeDep ROOT pump@3.0.3 OK for: tar-fs@3.1.1 want: ^3.0.0
132 silly fetch manifest bare-stream@^2.6.4
133 silly packumentCache full:https://registry.npmjs.org/bare-stream cache-miss
134 silly fetch manifest bare-url@^2.2.2
135 silly packumentCache full:https://registry.npmjs.org/bare-url cache-miss
136 silly fetch manifest bare-os@^3.0.1
137 silly packumentCache full:https://registry.npmjs.org/bare-os cache-miss
138 http fetch GET 200 https://registry.npmjs.org/bare-stream 32ms (cache miss)
139 silly packumentCache full:https://registry.npmjs.org/bare-stream set size:undefined disposed:false
140 http fetch GET 200 https://registry.npmjs.org/bare-url 35ms (cache miss)
141 silly packumentCache full:https://registry.npmjs.org/bare-url set size:undefined disposed:false
142 http fetch GET 200 https://registry.npmjs.org/bare-os 36ms (cache miss)
143 silly packumentCache full:https://registry.npmjs.org/bare-os set size:undefined disposed:false
144 silly fetch manifest bare-events@^2.5.4
145 silly packumentCache full:https://registry.npmjs.org/bare-events cache-miss
146 http fetch GET 200 https://registry.npmjs.org/bare-events 53ms (cache miss)
147 silly packumentCache full:https://registry.npmjs.org/bare-events set size:undefined disposed:false
148 silly fetch manifest bare-abort-controller@*
149 silly packumentCache full:https://registry.npmjs.org/bare-abort-controller cache-miss
150 http fetch GET 200 https://registry.npmjs.org/bare-abort-controller 44ms (cache miss)
151 silly packumentCache full:https://registry.npmjs.org/bare-abort-controller set size:undefined disposed:false
152 silly placeDep ROOT bare-stream@2.7.0 OK for: bare-fs@4.5.3 want: ^2.6.4
153 silly placeDep ROOT bare-url@2.3.2 OK for: bare-fs@4.5.3 want: ^2.2.2
154 silly placeDep ROOT bare-os@3.6.2 OK for: bare-path@3.0.0 want: ^3.0.1
155 silly placeDep node_modules/yauzl buffer-crc32@0.2.13 OK for: yauzl@2.10.0 want: ~0.2.3
156 silly placeDep ROOT fd-slicer@1.1.0 OK for: yauzl@2.10.0 want: ~1.1.0
157 silly fetch manifest pend@~1.2.0
158 silly packumentCache full:https://registry.npmjs.org/pend cache-miss
159 http fetch GET 200 https://registry.npmjs.org/pend 143ms (cache miss)
160 silly packumentCache full:https://registry.npmjs.org/pend set size:undefined disposed:false
161 silly placeDep ROOT pend@1.2.0 OK for: fd-slicer@1.1.0 want: ~1.2.0
162 silly reify moves {}
163 silly audit bulk request {
163 silly audit   '@0no-co/graphql.web': [ '1.2.0' ],
163 silly audit   '@alloc/quick-lru': [ '5.2.0' ],
163 silly audit   '@apidevtools/json-schema-ref-parser': [ '9.1.2' ],
163 silly audit   '@apphosting/build': [ '0.1.7' ],
163 silly audit   '@apphosting/common': [ '0.0.9', '0.0.8' ],
163 silly audit   commander: [
163 silly audit     '11.1.0', '7.2.0',
163 silly audit     '5.1.0',  '2.20.3',
163 silly audit     '12.1.0', '4.1.1',
163 silly audit     '10.0.1'
163 silly audit   ],
163 silly audit   '@babel/code-frame': [ '7.10.4', '7.29.0' ],
163 silly audit   '@babel/compat-data': [ '7.29.0' ],
163 silly audit   '@babel/core': [ '7.29.0' ],
163 silly audit   semver: [ '6.3.1', '7.6.3', '7.7.2', '7.7.3', '7.7.4' ],
163 silly audit   '@babel/generator': [ '7.29.1' ],
163 silly audit   '@babel/helper-annotate-as-pure': [ '7.27.3' ],
163 silly audit   '@babel/helper-compilation-targets': [ '7.28.6' ],
163 silly audit   '@babel/helper-create-class-features-plugin': [ '7.28.6' ],
163 silly audit   '@babel/helper-create-regexp-features-plugin': [ '7.28.5' ],
163 silly audit   '@babel/helper-define-polyfill-provider': [ '0.6.6' ],
163 silly audit   '@babel/helper-globals': [ '7.28.0' ],
163 silly audit   '@babel/helper-member-expression-to-functions': [ '7.28.5' ],
163 silly audit   '@babel/helper-module-imports': [ '7.28.6' ],
163 silly audit   '@babel/helper-module-transforms': [ '7.28.6' ],
163 silly audit   '@babel/helper-optimise-call-expression': [ '7.27.1' ],
163 silly audit   '@babel/helper-plugin-utils': [ '7.28.6' ],
163 silly audit   '@babel/helper-remap-async-to-generator': [ '7.27.1' ],
163 silly audit   '@babel/helper-replace-supers': [ '7.28.6' ],
163 silly audit   '@babel/helper-skip-transparent-expression-wrappers': [ '7.27.1' ],
163 silly audit   '@babel/helper-string-parser': [ '7.27.1' ],
163 silly audit   '@babel/helper-validator-identifier': [ '7.28.5' ],
163 silly audit   '@babel/helper-validator-option': [ '7.27.1' ],
163 silly audit   '@babel/helper-wrap-function': [ '7.28.6' ],
163 silly audit   '@babel/helpers': [ '7.28.6' ],
163 silly audit   '@babel/highlight': [ '7.25.9' ],
163 silly audit   'ansi-styles': [ '3.2.1', '5.2.0', '6.2.3', '4.3.0' ],
163 silly audit   chalk: [ '2.4.2', '4.1.2', '3.0.0', '5.6.2' ],
163 silly audit   'color-convert': [ '1.9.3', '3.1.3', '2.0.1' ],
163 silly audit   'color-name': [ '1.1.3', '2.1.0', '1.1.4' ],
163 silly audit   'escape-string-regexp': [ '1.0.5', '4.0.0', '2.0.0' ],
163 silly audit   'has-flag': [ '3.0.0', '4.0.0' ],
163 silly audit   'supports-color': [ '5.5.0', '8.1.1', '7.2.0' ],
163 silly audit   '@babel/parser': [ '7.29.0' ],
163 silly audit   '@babel/plugin-proposal-decorators': [ '7.29.0' ],
163 silly audit   '@babel/plugin-proposal-export-default-from': [ '7.27.1' ],
163 silly audit   '@babel/plugin-syntax-async-generators': [ '7.8.4' ],
163 silly audit   '@babel/plugin-syntax-bigint': [ '7.8.3' ],
163 silly audit   '@babel/plugin-syntax-class-properties': [ '7.12.13' ],
163 silly audit   '@babel/plugin-syntax-class-static-block': [ '7.14.5' ],
163 silly audit   '@babel/plugin-syntax-decorators': [ '7.28.6' ],
163 silly audit   '@babel/plugin-syntax-dynamic-import': [ '7.8.3' ],
163 silly audit   '@babel/plugin-syntax-export-default-from': [ '7.28.6' ],
163 silly audit   '@babel/plugin-syntax-flow': [ '7.28.6' ],
163 silly audit   '@babel/plugin-syntax-import-attributes': [ '7.28.6' ],
163 silly audit   '@babel/plugin-syntax-import-meta': [ '7.10.4' ],
163 silly audit   '@babel/plugin-syntax-json-strings': [ '7.8.3' ],
163 silly audit   '@babel/plugin-syntax-jsx': [ '7.28.6' ],
163 silly audit   '@babel/plugin-syntax-logical-assignment-operators': [ '7.10.4' ],
163 silly audit   '@babel/plugin-syntax-nullish-coalescing-operator': [ '7.8.3' ],
163 silly audit   '@babel/plugin-syntax-numeric-separator': [ '7.10.4' ],
163 silly audit   '@babel/plugin-syntax-object-rest-spread': [ '7.8.3' ],
163 silly audit   '@babel/plugin-syntax-optional-catch-binding': [ '7.8.3' ],
163 silly audit   '@babel/plugin-syntax-optional-chaining': [ '7.8.3' ],
163 silly audit   '@babel/plugin-syntax-private-property-in-object': [ '7.14.5' ],
163 silly audit   '@babel/plugin-syntax-top-level-await': [ '7.14.5' ],
163 silly audit   '@babel/plugin-syntax-typescript': [ '7.28.6' ],
163 silly audit   '@babel/plugin-transform-arrow-functions': [ '7.27.1' ],
163 silly audit   '@babel/plugin-transform-async-generator-functions': [ '7.29.0' ],
163 silly audit   '@babel/plugin-transform-async-to-generator': [ '7.28.6' ],
163 silly audit   '@babel/plugin-transform-block-scoping': [ '7.28.6' ],
163 silly audit   '@babel/plugin-transform-class-properties': [ '7.28.6', '7.27.1' ],
163 silly audit   '@babel/plugin-transform-class-static-block': [ '7.28.6' ],
163 silly audit   '@babel/plugin-transform-classes': [ '7.28.6', '7.28.4' ],
163 silly audit   '@babel/plugin-transform-computed-properties': [ '7.28.6' ],
163 silly audit   '@babel/plugin-transform-destructuring': [ '7.28.5' ],
163 silly audit   '@babel/plugin-transform-export-namespace-from': [ '7.27.1' ],
163 silly audit   '@babel/plugin-transform-flow-strip-types': [ '7.27.1' ],
163 silly audit   '@babel/plugin-transform-for-of': [ '7.27.1' ],
163 silly audit   '@babel/plugin-transform-function-name': [ '7.27.1' ],
163 silly audit   '@babel/plugin-transform-literals': [ '7.27.1' ],
163 silly audit   '@babel/plugin-transform-logical-assignment-operators': [ '7.28.6' ],
163 silly audit   '@babel/plugin-transform-modules-commonjs': [ '7.28.6' ],
163 silly audit   '@babel/plugin-transform-named-capturing-groups-regex': [ '7.29.0' ],
163 silly audit   '@babel/plugin-transform-nullish-coalescing-operator': [ '7.28.6', '7.27.1' ],
163 silly audit   '@babel/plugin-transform-numeric-separator': [ '7.28.6' ],
163 silly audit   '@babel/plugin-transform-object-rest-spread': [ '7.28.6' ],
163 silly audit   '@babel/plugin-transform-optional-catch-binding': [ '7.28.6' ],
163 silly audit   '@babel/plugin-transform-optional-chaining': [ '7.28.6', '7.27.1' ],
163 silly audit   '@babel/plugin-transform-parameters': [ '7.27.7' ],
163 silly audit   '@babel/plugin-transform-private-methods': [ '7.28.6' ],
163 silly audit   '@babel/plugin-transform-private-property-in-object': [ '7.28.6' ],
163 silly audit   '@babel/plugin-transform-react-display-name': [ '7.28.0' ],
163 silly audit   '@babel/plugin-transform-react-jsx': [ '7.28.6' ],
163 silly audit   '@babel/plugin-transform-react-jsx-development': [ '7.27.1' ],
163 silly audit   '@babel/plugin-transform-react-jsx-self': [ '7.27.1' ],
163 silly audit   '@babel/plugin-transform-react-jsx-source': [ '7.27.1' ],
163 silly audit   '@babel/plugin-transform-react-pure-annotations': [ '7.27.1' ],
163 silly audit   '@babel/plugin-transform-regenerator': [ '7.29.0' ],
163 silly audit   '@babel/plugin-transform-runtime': [ '7.29.0' ],
163 silly audit   '@babel/plugin-transform-shorthand-properties': [ '7.27.1' ],
163 silly audit   '@babel/plugin-transform-spread': [ '7.28.6' ],
163 silly audit   '@babel/plugin-transform-sticky-regex': [ '7.27.1' ],
163 silly audit   '@babel/plugin-transform-template-literals': [ '7.27.1' ],
163 silly audit   '@babel/plugin-transform-typescript': [ '7.28.6' ],
163 silly audit   '@babel/plugin-transform-unicode-regex': [ '7.27.1' ],
163 silly audit   '@babel/preset-react': [ '7.28.5' ],
163 silly audit   '@babel/preset-typescript': [ '7.28.5', '7.27.1' ],
163 silly audit   '@babel/runtime': [ '7.28.6' ],
163 silly audit   '@babel/template': [ '7.28.6' ],
163 silly audit   '@babel/traverse': [ '7.29.0' ],
163 silly audit   '@babel/types': [ '7.29.0' ],
163 silly audit   '@bcoe/v8-coverage': [ '0.2.3' ],
163 silly audit   '@colors/colors': [ '1.5.0', '1.6.0' ],
163 silly audit   '@cspotcode/source-map-support': [ '0.8.1' ],
163 silly audit   '@jridgewell/trace-mapping': [ '0.3.9', '0.3.31' ],
163 silly audit   '@dabh/diagnostics': [ '2.0.8' ],
163 silly audit   '@electric-sql/pglite': [ '0.3.15', '0.2.17' ],
163 silly audit   '@electric-sql/pglite-tools': [ '0.2.20' ],
163 silly audit   '@expo/cli': [ '54.0.23' ],
163 silly audit   'pretty-format': [ '29.7.0', '30.2.0' ],
163 silly audit   'react-is': [ '18.3.1', '19.2.4' ],
163 silly audit   '@expo/code-signing-certificates': [ '0.0.6' ],
163 silly audit   '@expo/config': [ '12.0.13' ],
163 silly audit   '@expo/config-plugins': [ '54.0.4' ],
163 silly audit   '@expo/config-types': [ '54.0.10' ],
163 silly audit   '@expo/devcert': [ '1.2.1' ],
163 silly audit   debug: [ '3.2.7', '2.6.9', '4.4.3', '4.3.1' ],
163 silly audit   '@expo/devtools': [ '0.1.8' ],
163 silly audit   '@expo/env': [ '2.0.8' ],
163 silly audit   '@expo/fingerprint': [ '0.15.4' ],
163 silly audit   '@expo/image-utils': [ '0.8.8' ],
163 silly audit   '@expo/json-file': [ '10.0.8' ],
163 silly audit   '@expo/metro': [ '54.2.0' ],
163 silly audit   '@expo/metro-config': [ '54.0.14' ],
163 silly audit   '@expo/metro-runtime': [ '6.1.2' ],
163 silly audit   '@expo/osascript': [ '2.3.8' ],
163 silly audit   '@expo/package-manager': [ '1.9.10' ],
163 silly audit   '@expo/plist': [ '0.4.8' ],
163 silly audit   '@expo/prebuild-config': [ '54.0.8' ],
163 silly audit   '@expo/schema-utils': [ '0.1.8' ],
163 silly audit   '@expo/sdk-runtime-versions': [ '1.0.0' ],
163 silly audit   '@expo/spawn-async': [ '1.7.2' ],
163 silly audit   '@expo/sudo-prompt': [ '9.3.2' ],
163 silly audit   '@expo/vector-icons': [ '15.0.3' ],
163 silly audit   '@expo/ws-tunnel': [ '1.0.6' ],
163 silly audit   '@expo/xcpretty': [ '4.4.0' ],
163 silly audit   '@firebase/ai': [ '2.8.0' ],
163 silly audit   '@firebase/analytics': [ '0.10.19' ],
163 silly audit   '@firebase/analytics-compat': [ '0.2.25' ],
163 silly audit   '@firebase/analytics-types': [ '0.8.3' ],
163 silly audit   '@firebase/app': [ '0.14.8' ],
163 silly audit   '@firebase/app-check': [ '0.11.0' ],
163 silly audit   '@firebase/app-check-compat': [ '0.4.0' ],
163 silly audit   '@firebase/app-check-interop-types': [ '0.3.3' ],
163 silly audit   '@firebase/app-check-types': [ '0.5.3' ],
163 silly audit   '@firebase/app-compat': [ '0.5.8' ],
163 silly audit   '@firebase/app-types': [ '0.9.3' ],
163 silly audit   '@firebase/auth': [ '1.12.0' ],
163 silly audit   '@firebase/auth-compat': [ '0.6.2' ],
163 silly audit   '@firebase/auth-interop-types': [ '0.2.4' ],
163 silly audit   '@firebase/auth-types': [ '0.13.0' ],
163 silly audit   '@firebase/component': [ '0.7.0' ],
163 silly audit   '@firebase/data-connect': [ '0.3.12' ],
163 silly audit   '@firebase/database': [ '1.1.0' ],
163 silly audit   '@firebase/database-compat': [ '2.1.0' ],
163 silly audit   '@firebase/database-types': [ '1.0.16' ],
163 silly audit   '@firebase/firestore': [ '4.11.0' ],
163 silly audit   '@firebase/firestore-compat': [ '0.4.5' ],
163 silly audit   '@firebase/firestore-types': [ '3.0.3' ],
163 silly audit   '@firebase/functions': [ '0.13.1' ],
163 silly audit   '@firebase/functions-compat': [ '0.4.1' ],
163 silly audit   '@firebase/functions-types': [ '0.6.3' ],
163 silly audit   '@firebase/installations': [ '0.6.19' ],
163 silly audit   '@firebase/installations-compat': [ '0.2.19' ],
163 silly audit   '@firebase/installations-types': [ '0.5.3' ],
163 silly audit   '@firebase/logger': [ '0.5.0' ],
163 silly audit   '@firebase/messaging': [ '0.12.23' ],
163 silly audit   '@firebase/messaging-compat': [ '0.2.23' ],
163 silly audit   '@firebase/messaging-interop-types': [ '0.2.3' ],
163 silly audit   '@firebase/performance': [ '0.7.9' ],
163 silly audit   '@firebase/performance-compat': [ '0.2.22' ],
163 silly audit   '@firebase/performance-types': [ '0.2.3' ],
163 silly audit   '@firebase/remote-config': [ '0.8.0' ],
163 silly audit   '@firebase/remote-config-compat': [ '0.2.21' ],
163 silly audit   '@firebase/remote-config-types': [ '0.5.0' ],
163 silly audit   '@firebase/storage': [ '0.14.0' ],
163 silly audit   '@firebase/storage-compat': [ '0.4.0' ],
163 silly audit   '@firebase/storage-types': [ '0.8.3' ],
163 silly audit   '@firebase/util': [ '1.13.0' ],
163 silly audit   '@firebase/webchannel-wrapper': [ '1.0.5' ],
163 silly audit   '@google-cloud/cloud-sql-connector': [ '1.9.0' ],
163 silly audit   'agent-base': [ '7.1.4', '6.0.2' ],
163 silly audit   'data-uri-to-buffer': [ '4.0.1', '6.0.2' ],
163 silly audit   gaxios: [ '7.1.3', '6.7.1' ],
163 silly audit   'gcp-metadata': [ '8.1.2', '6.1.1' ],
163 silly audit   glob: [ '10.5.0', '7.2.3', '13.0.1' ],
163 silly audit   'google-auth-library': [ '10.5.0', '9.15.1' ],
163 silly audit   'google-logging-utils': [ '1.1.3', '0.0.2' ],
163 silly audit   gtoken: [ '8.0.0', '7.1.0' ],
163 silly audit   'https-proxy-agent': [ '7.0.6', '5.0.1' ],
163 silly audit   'lru-cache': [ '10.4.3', '11.2.5', '5.1.1', '7.18.3' ],
163 silly audit   'node-fetch': [ '3.3.2', '2.7.0' ],
163 silly audit   'path-scurry': [ '1.11.1', '2.0.1' ],
163 silly audit   rimraf: [ '5.0.10', '3.0.2' ],
163 silly audit   '@google-cloud/paginator': [ '6.0.0' ],
163 silly audit   '@google-cloud/precise-date': [ '5.0.0' ],
163 silly audit   '@google-cloud/projectify': [ '5.0.0' ],
163 silly audit   '@google-cloud/promisify': [ '5.0.0' ],
163 silly audit   '@google-cloud/pubsub': [ '5.2.2' ],
163 silly audit   '@googleapis/sqladmin': [ '35.2.0' ],
163 silly audit   '@grpc/grpc-js': [ '1.9.15', '1.14.3' ],
163 silly audit   '@grpc/proto-loader': [ '0.7.15', '0.8.0' ],
163 silly audit   '@hono/node-server': [ '1.19.9' ],
163 silly audit   '@inquirer/ansi': [ '1.0.2' ],
163 silly audit   '@inquirer/checkbox': [ '4.3.2' ],
163 silly audit   '@inquirer/confirm': [ '5.1.21' ],
163 silly audit   '@inquirer/core': [ '10.3.2' ],
163 silly audit   'signal-exit': [ '4.1.0', '3.0.7' ],
163 silly audit   'wrap-ansi': [ '6.2.0', '8.1.0', '7.0.0' ],
163 silly audit   '@inquirer/editor': [ '4.2.23' ],
163 silly audit   '@inquirer/expand': [ '4.0.23' ],
163 silly audit   '@inquirer/external-editor': [ '1.0.3' ],
163 silly audit   'iconv-lite': [ '0.7.2', '0.4.24', '0.6.3' ],
163 silly audit   '@inquirer/figures': [ '1.0.15' ],
163 silly audit   '@inquirer/input': [ '4.3.1' ],
163 silly audit   '@inquirer/number': [ '3.0.23' ],
163 silly audit   '@inquirer/password': [ '4.0.23' ],
163 silly audit   '@inquirer/prompts': [ '7.10.1' ],
163 silly audit   '@inquirer/rawlist': [ '4.1.11' ],
163 silly audit   '@inquirer/search': [ '3.2.2' ],
163 silly audit   '@inquirer/select': [ '4.4.2' ],
163 silly audit   '@inquirer/type': [ '3.0.10' ],
163 silly audit   '@isaacs/balanced-match': [ '4.0.1' ],
163 silly audit   '@isaacs/brace-expansion': [ '5.0.1' ],
163 silly audit   '@isaacs/cliui': [ '8.0.2' ],
163 silly audit   'ansi-regex': [ '6.2.2', '5.0.1', '4.1.1' ],
163 silly audit   'emoji-regex': [ '9.2.2', '8.0.0' ],
163 silly audit   'string-width': [ '5.1.2', '4.2.3' ],
163 silly audit   'strip-ansi': [ '7.1.2', '5.2.0', '6.0.1' ],
163 silly audit   '@isaacs/fs-minipass': [ '4.0.1' ],
163 silly audit   '@isaacs/ttlcache': [ '1.4.1' ],
163 silly audit   '@istanbuljs/load-nyc-config': [ '1.1.0' ],
163 silly audit   argparse: [ '1.0.10', '2.0.1' ],
163 silly audit   'js-yaml': [ '3.14.2', '4.1.1' ],
163 silly audit   '@istanbuljs/schema': [ '0.1.3' ],
163 silly audit   '@jest/console': [ '29.7.0' ],
163 silly audit   'jest-message-util': [ '29.7.0', '30.2.0' ],
163 silly audit   'jest-util': [ '29.7.0', '30.2.0' ],
163 silly audit   picomatch: [ '2.3.1', '4.0.3', '3.0.1' ],
163 silly audit   '@jest/core': [ '29.7.0' ],
163 silly audit   '@jest/create-cache-key-function': [ '29.7.0' ],
163 silly audit   '@jest/diff-sequences': [ '30.0.1' ],
163 silly audit   '@jest/environment': [ '29.7.0' ],
163 silly audit   'jest-mock': [ '29.7.0', '30.2.0' ],
163 silly audit   '@jest/expect': [ '29.7.0' ],
163 silly audit   '@jest/expect-utils': [ '30.2.0', '29.7.0' ],
163 silly audit   expect: [ '29.7.0', '30.2.0' ],
163 silly audit   'jest-diff': [ '29.7.0', '30.2.0' ],
163 silly audit   'jest-matcher-utils': [ '29.7.0', '30.2.0' ],
163 silly audit   '@jest/fake-timers': [ '29.7.0' ],
163 silly audit   '@jest/get-type': [ '30.1.0' ],
163 silly audit   '@jest/globals': [ '29.7.0' ],
163 silly audit   '@jest/pattern': [ '30.0.1' ],
163 silly audit   'jest-regex-util': [ '30.0.1', '29.6.3' ],
163 silly audit   '@jest/reporters': [ '29.7.0' ],
163 silly audit   'brace-expansion': [ '1.1.12', '2.0.2' ],
163 silly audit   minimatch: [ '3.1.2', '9.0.5', '10.1.2', '5.1.6', '6.2.0' ],
163 silly audit   '@jest/schemas': [ '29.6.3', '30.0.5' ],
163 silly audit   '@jest/source-map': [ '29.6.3' ],
163 silly audit   '@jest/test-result': [ '29.7.0' ],
163 silly audit   '@jest/test-sequencer': [ '29.7.0' ],
163 silly audit   '@jest/transform': [ '29.7.0' ],
163 silly audit   '@jest/types': [ '29.6.3', '30.2.0' ],
163 silly audit   '@jridgewell/gen-mapping': [ '0.3.13' ],
163 silly audit   '@jridgewell/remapping': [ '2.3.5' ],
163 silly audit   '@jridgewell/resolve-uri': [ '3.1.2' ],
163 silly audit   '@jridgewell/source-map': [ '0.3.11' ],
163 silly audit   '@jridgewell/sourcemap-codec': [ '1.5.5' ],
163 silly audit   '@js-sdsl/ordered-map': [ '4.4.2' ],
163 silly audit   '@jsdevtools/ono': [ '7.1.3' ],
163 silly audit   '@modelcontextprotocol/sdk': [ '1.26.0' ],
163 silly audit   accepts: [ '2.0.0', '1.3.8' ],
163 silly audit   'body-parser': [ '2.2.2', '1.20.4' ],
163 silly audit   'content-disposition': [ '1.0.1', '0.5.4' ],
163 silly audit   'cookie-signature': [ '1.2.2', '1.0.7' ],
163 silly audit   encodeurl: [ '2.0.0', '1.0.2' ],
163 silly audit   express: [ '5.2.1', '4.22.1' ],
163 silly audit   finalhandler: [ '2.1.1', '1.3.2', '1.1.2' ],
163 silly audit   fresh: [ '2.0.0', '0.5.2' ],
163 silly audit   'media-typer': [ '1.1.0', '0.3.0' ],
163 silly audit   'merge-descriptors': [ '2.0.0', '1.0.3' ],
163 silly audit   'mime-types': [ '3.0.2', '2.1.35' ],
163 silly audit   negotiator: [ '1.0.0', '0.6.4', '0.6.3' ],
163 silly audit   'on-finished': [ '2.4.1', '2.3.0' ],
163 silly audit   send: [ '1.2.1', '0.19.2' ],
163 silly audit   'serve-static': [ '2.2.1', '1.16.3' ],
163 silly audit   statuses: [ '2.0.2', '1.5.0' ],
163 silly audit   'type-is': [ '2.0.1', '1.6.18' ],
163 silly audit   '@nodelib/fs.scandir': [ '2.1.5' ],
163 silly audit   '@nodelib/fs.stat': [ '2.0.5' ],
163 silly audit   '@nodelib/fs.walk': [ '1.2.8' ],
163 silly audit   '@npmcli/agent': [ '4.0.0' ],
163 silly audit   'http-proxy-agent': [ '7.0.2', '5.0.0' ],
163 silly audit   '@npmcli/fs': [ '5.0.0' ],
163 silly audit   '@npmcli/promise-spawn': [ '3.0.0' ],
163 silly audit   '@opentelemetry/api': [ '1.9.0' ],
163 silly audit   '@opentelemetry/core': [ '1.30.1' ],
163 silly audit   '@opentelemetry/semantic-conventions': [ '1.28.0', '1.34.0' ],
163 silly audit   '@pkgjs/parseargs': [ '0.11.0' ],
163 silly audit   '@pnpm/config.env-replace': [ '1.1.0' ],
163 silly audit   '@pnpm/network.ca-file': [ '1.0.2' ],
163 silly audit   'graceful-fs': [ '4.2.10', '4.2.11' ],
163 silly audit   '@pnpm/npm-conf': [ '3.0.2' ],
163 silly audit   '@protobufjs/aspromise': [ '1.1.2' ],
163 silly audit   '@protobufjs/base64': [ '1.1.2' ],
163 silly audit   '@protobufjs/codegen': [ '2.0.4' ],
163 silly audit   '@protobufjs/eventemitter': [ '1.1.0' ],
163 silly audit   '@protobufjs/fetch': [ '1.1.0' ],
163 silly audit   '@protobufjs/float': [ '1.0.2' ],
163 silly audit   '@protobufjs/inquire': [ '1.1.0' ],
163 silly audit   '@protobufjs/path': [ '1.1.2' ],
163 silly audit   '@protobufjs/pool': [ '1.1.0' ],
163 silly audit   '@protobufjs/utf8': [ '1.1.0' ],
163 silly audit   '@radix-ui/primitive': [ '1.1.3' ],
163 silly audit   '@radix-ui/react-collection': [ '1.1.7' ],
163 silly audit   '@radix-ui/react-slot': [ '1.2.3', '1.2.0' ],
163 silly audit   '@radix-ui/react-compose-refs': [ '1.1.2' ],
163 silly audit   '@radix-ui/react-context': [ '1.1.2' ],
163 silly audit   '@radix-ui/react-dialog': [ '1.1.15' ],
163 silly audit   '@radix-ui/react-direction': [ '1.1.1' ],
163 silly audit   '@radix-ui/react-dismissable-layer': [ '1.1.11' ],
163 silly audit   '@radix-ui/react-focus-guards': [ '1.1.3' ],
163 silly audit   '@radix-ui/react-focus-scope': [ '1.1.7' ],
163 silly audit   '@radix-ui/react-id': [ '1.1.1' ],
163 silly audit   '@radix-ui/react-portal': [ '1.1.9' ],
163 silly audit   '@radix-ui/react-presence': [ '1.1.5' ],
163 silly audit   '@radix-ui/react-primitive': [ '2.1.3' ],
163 silly audit   '@radix-ui/react-roving-focus': [ '1.1.11' ],
163 silly audit   '@radix-ui/react-tabs': [ '1.1.13' ],
163 silly audit   '@radix-ui/react-use-callback-ref': [ '1.1.1' ],
163 silly audit   '@radix-ui/react-use-controllable-state': [ '1.2.2' ],
163 silly audit   '@radix-ui/react-use-effect-event': [ '0.0.2' ],
163 silly audit   '@radix-ui/react-use-escape-keydown': [ '1.1.1' ],
163 silly audit   '@radix-ui/react-use-layout-effect': [ '1.1.1' ],
163 silly audit   '@react-native/assets-registry': [ '0.81.5' ],
163 silly audit   '@react-native/babel-plugin-codegen': [ '0.81.5' ],
163 silly audit   '@react-native/babel-preset': [ '0.81.5' ],
163 silly audit   '@react-native/codegen': [ '0.81.5' ],
163 silly audit   '@react-native/community-cli-plugin': [ '0.81.5' ],
163 silly audit   '@react-native/debugger-frontend': [ '0.81.5' ],
163 silly audit   '@react-native/dev-middleware': [ '0.81.5' ],
163 silly audit   ws: [ '6.2.3', '7.5.10', '8.19.0' ],
163 silly audit   '@react-native/gradle-plugin': [ '0.81.5' ],
163 silly audit   '@react-native/js-polyfills': [ '0.81.5' ],
163 silly audit   '@react-native/normalize-colors': [ '0.81.5', '0.74.89' ],
163 silly audit   '@react-native/virtualized-lists': [ '0.81.5' ],
163 silly audit   '@react-navigation/bottom-tabs': [ '7.12.0' ],
163 silly audit   '@react-navigation/core': [ '7.14.0' ],
163 silly audit   '@react-navigation/elements': [ '2.9.5' ],
163 silly audit   '@react-navigation/native': [ '7.1.28' ],
163 silly audit   '@react-navigation/native-stack': [ '7.12.0' ],
163 silly audit   '@react-navigation/routers': [ '7.5.3' ],
163 silly audit   '@sinclair/typebox': [ '0.27.10', '0.34.48' ],
163 silly audit   '@sindresorhus/is': [ '4.6.0' ],
163 silly audit   '@sinonjs/commons': [ '3.0.1' ],
163 silly audit   '@sinonjs/fake-timers': [ '10.3.0' ],
163 silly audit   '@so-ric/colorspace': [ '1.1.6' ],
163 silly audit   color: [ '5.0.3', '4.2.3' ],
163 silly audit   'color-string': [ '2.1.4', '1.9.1' ],
163 silly audit   '@testing-library/react-native': [ '13.3.3' ],
163 silly audit   '@tootallnate/once': [ '2.0.0' ],
163 silly audit   '@tootallnate/quickjs-emscripten': [ '0.23.0' ],
163 silly audit   '@tsconfig/node10': [ '1.0.12' ],
163 silly audit   '@tsconfig/node12': [ '1.0.11' ],
163 silly audit   '@tsconfig/node14': [ '1.0.3' ],
163 silly audit   '@tsconfig/node16': [ '1.0.4' ],
163 silly audit   '@types/babel__core': [ '7.20.5' ],
163 silly audit   '@types/babel__generator': [ '7.27.0' ],
163 silly audit   '@types/babel__template': [ '7.4.4' ],
163 silly audit   '@types/babel__traverse': [ '7.28.0' ],
163 silly audit   '@types/graceful-fs': [ '4.1.9' ],
163 silly audit   '@types/istanbul-lib-coverage': [ '2.0.6' ],
163 silly audit   '@types/istanbul-lib-report': [ '3.0.3' ],
163 silly audit   '@types/istanbul-reports': [ '3.0.4' ],
163 silly audit   '@types/jest': [ '30.0.0' ],
163 silly audit   '@types/jsdom': [ '20.0.1' ],
163 silly audit   '@types/json-schema': [ '7.0.15' ],
163 silly audit   '@types/node': [ '25.2.2' ],
163 silly audit   '@types/react': [ '19.1.17' ],
163 silly audit   '@types/react-test-renderer': [ '19.1.0' ],
163 silly audit   '@types/stack-utils': [ '2.0.3' ],
163 silly audit   '@types/tough-cookie': [ '4.0.5' ],
163 silly audit   '@types/triple-beam': [ '1.3.5' ],
163 silly audit   '@types/yargs': [ '17.0.35' ],
163 silly audit   '@types/yargs-parser': [ '21.0.3' ],
163 silly audit   '@ungap/structured-clone': [ '1.3.0' ],
163 silly audit   '@urql/core': [ '5.2.0' ],
163 silly audit   '@urql/exchange-retry': [ '1.3.2' ],
163 silly audit   '@xmldom/xmldom': [ '0.8.11' ],
163 silly audit   abab: [ '2.0.6' ],
163 silly audit   abbrev: [ '4.0.0' ],
163 silly audit   'abort-controller': [ '3.0.0' ],
163 silly audit   acorn: [ '8.15.0' ],
163 silly audit   'acorn-globals': [ '7.0.1' ],
163 silly audit   'acorn-walk': [ '8.3.4' ],
163 silly audit   ajv: [ '8.17.1' ],
163 silly audit   'ajv-formats': [ '3.0.1', '2.1.1' ],
163 silly audit   anser: [ '1.4.10' ],
163 silly audit   'ansi-align': [ '3.0.1' ],
163 silly audit   'ansi-escapes': [ '4.3.2', '6.2.1', '7.3.0' ],
163 silly audit   'any-promise': [ '1.3.0' ],
163 silly audit   anymatch: [ '3.1.3' ],
163 silly audit   archiver: [ '7.0.1' ],
163 silly audit   'archiver-utils': [ '5.0.2' ],
163 silly audit   arg: [ '5.0.2', '4.1.3' ],
163 silly audit   'aria-hidden': [ '1.2.6' ],
163 silly audit   'array-flatten': [ '1.1.1' ],
163 silly audit   'array-timsort': [ '1.0.3' ],
163 silly audit   arrify: [ '2.0.1' ],
163 silly audit   'as-array': [ '2.0.0' ],
163 silly audit   asap: [ '2.0.6' ],
163 silly audit   'ast-types': [ '0.13.4' ],
163 silly audit   async: [ '3.2.6' ],
163 silly audit   'async-limiter': [ '1.0.1' ],
163 silly audit   'async-lock': [ '1.4.1' ],
163 silly audit   asynckit: [ '0.4.0' ],
163 silly audit   b4a: [ '1.7.3' ],
163 silly audit   'babel-jest': [ '29.7.0' ],
163 silly audit   'babel-plugin-istanbul': [ '6.1.1' ],
163 silly audit   'istanbul-lib-instrument': [ '5.2.1', '6.0.3' ],
163 silly audit   'babel-plugin-jest-hoist': [ '29.6.3' ],
163 silly audit   'babel-plugin-polyfill-corejs2': [ '0.4.15' ],
163 silly audit   'babel-plugin-polyfill-corejs3': [ '0.13.0' ],
163 silly audit   'babel-plugin-polyfill-regenerator': [ '0.6.6' ],
163 silly audit   'babel-plugin-react-compiler': [ '1.0.0' ],
163 silly audit   'babel-plugin-react-native-web': [ '0.21.2' ],
163 silly audit   'babel-plugin-syntax-hermes-parser': [ '0.29.1' ],
163 silly audit   'babel-plugin-transform-flow-enums': [ '0.0.2' ],
163 silly audit   'babel-preset-current-node-syntax': [ '1.2.0' ],
163 silly audit   'babel-preset-expo': [ '54.0.10' ],
163 silly audit   'babel-preset-jest': [ '29.6.3' ],
163 silly audit   'balanced-match': [ '1.0.2' ],
163 silly audit   'bare-events': [ '2.8.2' ],
163 silly audit   'base64-js': [ '1.5.1' ],
163 silly audit   'baseline-browser-mapping': [ '2.9.19' ],
163 silly audit   'basic-auth': [ '2.0.1' ],
163 silly audit   'basic-auth-connect': [ '1.1.0' ],
163 silly audit   'safe-buffer': [ '5.1.2', '5.2.1' ],
163 silly audit   'basic-ftp': [ '5.1.0' ],
163 silly audit   'better-opn': [ '3.0.2' ],
163 silly audit   open: [ '8.4.2', '6.4.0', '7.4.2' ],
163 silly audit   'big-integer': [ '1.6.52' ],
163 silly audit   'bignumber.js': [ '9.3.1' ],
163 silly audit   'binary-extensions': [ '2.3.0' ],
163 silly audit   bl: [ '4.1.0' ],
163 silly audit   'readable-stream': [ '3.6.2', '2.3.8', '4.7.0' ],
163 silly audit   ms: [ '2.0.0', '2.1.3', '2.1.2' ],
163 silly audit   'raw-body': [ '2.5.3', '3.0.2' ],
163 silly audit   boxen: [ '5.1.2' ],
163 silly audit   camelcase: [ '6.3.0', '5.3.1' ],
163 silly audit   'type-fest': [ '0.20.2', '0.7.1', '4.41.0', '0.21.3' ],
163 silly audit   'bplist-creator': [ '0.1.0' ],
163 silly audit   'bplist-parser': [ '0.3.2', '0.3.1' ],
163 silly audit   braces: [ '3.0.3' ],
163 silly audit   browserslist: [ '4.28.1' ],
163 silly audit   'bs-logger': [ '0.2.6' ],
163 silly audit   bser: [ '2.1.1' ],
163 silly audit   buffer: [ '5.7.1', '6.0.3' ],
163 silly audit   'buffer-crc32': [ '1.0.0', '0.2.13' ],
163 silly audit   'buffer-equal-constant-time': [ '1.0.1' ],
163 silly audit   'buffer-from': [ '1.1.2' ],
163 silly audit   bytes: [ '3.1.2' ],
163 silly audit   cacache: [ '20.0.3' ],
163 silly audit   'call-bind-apply-helpers': [ '1.0.2' ],
163 silly audit   'call-bound': [ '1.0.4' ],
163 silly audit   'call-me-maybe': [ '1.0.2' ],
163 silly audit   callsites: [ '3.1.0' ],
163 silly audit   'camelcase-css': [ '2.0.1' ],
163 silly audit   'caniuse-lite': [ '1.0.30001769' ],
163 silly audit   'char-regex': [ '1.0.2', '2.0.2' ],
163 silly audit   chardet: [ '2.1.1' ],
163 silly audit   chokidar: [ '3.6.0' ],
163 silly audit   'glob-parent': [ '5.1.2', '6.0.2' ],
163 silly audit   chownr: [ '3.0.0' ],
163 silly audit   'chrome-launcher': [ '0.15.2' ],
163 silly audit   'chromium-edge-launcher': [ '0.2.0' ],
163 silly audit   'ci-info': [ '3.9.0', '2.0.0', '4.4.0' ],
163 silly audit   'cjs-module-lexer': [ '1.4.3' ],
163 silly audit   cjson: [ '0.3.3' ],
163 silly audit   'cli-boxes': [ '2.2.1' ],
163 silly audit   'cli-cursor': [ '2.1.0', '3.1.0' ],
163 silly audit   'cli-highlight': [ '2.1.11' ],
163 silly audit   cliui: [ '7.0.4', '8.0.1' ],
163 silly audit   parse5: [ '5.1.1', '7.3.0', '6.0.1' ],
163 silly audit   yargs: [ '16.2.0', '17.7.2' ],
163 silly audit   'yargs-parser': [ '20.2.9', '21.1.1' ],
163 silly audit   'cli-spinners': [ '2.9.2' ],
163 silly audit   'cli-table3': [ '0.6.5' ],
163 silly audit   'cli-width': [ '4.1.0' ],
163 silly audit   'client-only': [ '0.0.1' ],
163 silly audit   clone: [ '1.0.4' ],
163 silly audit   co: [ '4.6.0' ],
163 silly audit   'collect-v8-coverage': [ '1.0.3' ],
163 silly audit   colorette: [ '2.0.20' ],
163 silly audit   'combined-stream': [ '1.0.8' ],
163 silly audit   'comment-json': [ '4.5.1' ],
163 silly audit   'compress-commons': [ '6.0.2' ],
163 silly audit   compressible: [ '2.0.18' ],
163 silly audit   compression: [ '1.8.1' ],
163 silly audit   'concat-map': [ '0.0.1' ],
163 silly audit   'config-chain': [ '1.1.13' ],
163 silly audit   configstore: [ '5.0.1' ],
163 silly audit   'make-dir': [ '3.1.0', '4.0.0' ],
163 silly audit   'write-file-atomic': [ '3.0.3', '4.0.2' ],
163 silly audit   connect: [ '3.7.0' ],
163 silly audit   'content-type': [ '1.0.5' ],
163 silly audit   'convert-source-map': [ '2.0.0' ],
163 silly audit   cookie: [ '0.7.2' ],
163 silly audit   'core-js-compat': [ '3.48.0' ],
163 silly audit   'core-util-is': [ '1.0.3' ],
163 silly audit   cors: [ '2.8.6' ],
163 silly audit   'crc-32': [ '1.2.2' ],
163 silly audit   'crc32-stream': [ '6.0.0' ],
163 silly audit   'create-jest': [ '29.7.0' ],
163 silly audit   'create-require': [ '1.1.1' ],
163 silly audit   'cross-env': [ '7.0.3' ],
163 silly audit   'cross-fetch': [ '3.2.0' ],
163 silly audit   'cross-spawn': [ '7.0.6' ],
163 silly audit   'crypto-random-string': [ '2.0.0' ],
163 silly audit   'css-in-js-utils': [ '3.1.0' ],
163 silly audit   cssesc: [ '3.0.0' ],
163 silly audit   cssom: [ '0.5.0', '0.3.8' ],
163 silly audit   cssstyle: [ '2.3.0' ],
163 silly audit   csstype: [ '3.2.3' ],
163 silly audit   'csv-parse': [ '5.6.0' ],
163 silly audit   'data-urls': [ '3.0.2' ],
163 silly audit   'date-fns': [ '4.1.0' ],
163 silly audit   'decimal.js': [ '10.6.0' ],
163 silly audit   'decode-uri-component': [ '0.2.2' ],
163 silly audit   dedent: [ '1.7.1' ],
163 silly audit   'deep-equal-in-any-order': [ '2.1.0' ],
163 silly audit   'deep-extend': [ '0.6.0' ],
163 silly audit   'deep-freeze': [ '0.0.1' ],
163 silly audit   'deep-is': [ '0.1.4' ],
163 silly audit   deepmerge: [ '4.3.1' ],
163 silly audit   defaults: [ '1.0.4' ],
163 silly audit   'define-lazy-prop': [ '2.0.0' ],
163 silly audit   degenerator: [ '5.0.1' ],
163 silly audit   'delayed-stream': [ '1.0.0' ],
163 silly audit   depd: [ '2.0.0' ],
163 silly audit   destroy: [ '1.2.0' ],
163 silly audit   'detect-libc': [ '2.1.2', '1.0.3' ],
163 silly audit   'detect-newline': [ '3.1.0' ],
163 silly audit   'detect-node-es': [ '1.1.0' ],
163 silly audit   didyoumean: [ '1.2.2' ],
163 silly audit   diff: [ '4.0.4' ],
163 silly audit   'diff-sequences': [ '29.6.3' ],
163 silly audit   'discontinuous-range': [ '1.0.0' ],
163 silly audit   dlv: [ '1.1.3' ],
163 silly audit   domexception: [ '4.0.0' ],
163 silly audit   'dot-prop': [ '5.3.0' ],
163 silly audit   dotenv: [ '16.4.7' ],
163 silly audit   'dotenv-expand': [ '11.0.7' ],
163 silly audit   'dunder-proto': [ '1.0.1' ],
163 silly audit   duplexify: [ '4.1.3' ],
163 silly audit   eastasianwidth: [ '0.2.0' ],
163 silly audit   'ecdsa-sig-formatter': [ '1.0.11' ],
163 silly audit   'ee-first': [ '1.1.1' ],
163 silly audit   'electron-to-chromium': [ '1.5.286' ],
163 silly audit   emittery: [ '0.13.1' ],
163 silly audit   emojilib: [ '2.4.0' ],
163 silly audit   enabled: [ '2.0.0' ],
163 silly audit   encoding: [ '0.1.13' ],
163 silly audit   'end-of-stream': [ '1.4.5' ],
163 silly audit   entities: [ '6.0.1' ],
163 silly audit   'env-editor': [ '0.4.2' ],
163 silly audit   'env-paths': [ '2.2.1' ],
163 silly audit   environment: [ '1.1.0' ],
163 silly audit   'err-code': [ '2.0.3' ],
163 silly audit   'error-ex': [ '1.3.4' ],
163 silly audit   'error-stack-parser': [ '2.1.4' ],
163 silly audit   'es-define-property': [ '1.0.1' ],
163 silly audit   'es-errors': [ '1.3.0' ],
163 silly audit   'es-object-atoms': [ '1.1.1' ],
163 silly audit   'es-set-tostringtag': [ '2.1.0' ],
163 silly audit   escalade: [ '3.2.0' ],
163 silly audit   'escape-goat': [ '2.1.1' ],
163 silly audit   'escape-html': [ '1.0.3' ],
163 silly audit   escodegen: [ '2.1.0' ],
163 silly audit   esprima: [ '4.0.1' ],
163 silly audit   estraverse: [ '5.3.0' ],
163 silly audit   esutils: [ '2.0.3' ],
163 silly audit   etag: [ '1.8.1' ],
163 silly audit   'event-target-shim': [ '5.0.1' ],
163 silly audit   events: [ '3.3.0' ],
163 silly audit   'events-listener': [ '1.1.0' ],
163 silly audit   'events-universal': [ '1.0.1' ],
163 silly audit   eventsource: [ '3.0.7' ],
163 silly audit   'eventsource-parser': [ '3.0.6' ],
163 silly audit   'exec-async': [ '2.2.0' ],
163 silly audit   execa: [ '5.1.1' ],
163 silly audit   exegesis: [ '4.3.0' ],
163 silly audit   'exegesis-express': [ '4.0.0' ],
163 silly audit   exit: [ '0.1.2' ],
163 silly audit   expo: [ '54.0.33' ],
163 silly audit   'expo-asset': [ '12.0.12' ],
163 silly audit   'expo-constants': [ '18.0.13' ],
163 silly audit   'expo-file-system': [ '19.0.21' ],
163 silly audit   'expo-font': [ '14.0.11' ],
163 silly audit   'expo-keep-awake': [ '15.0.8' ],
163 silly audit   'expo-linking': [ '8.0.11' ],
163 silly audit   'expo-modules-autolinking': [ '3.0.24' ],
163 silly audit   'expo-modules-core': [ '3.0.29' ],
163 silly audit   'expo-router': [ '6.0.23' ],
163 silly audit   'expo-server': [ '1.0.5' ],
163 silly audit   'expo-status-bar': [ '3.0.9' ],
163 silly audit   'exponential-backoff': [ '3.1.3' ],
163 silly audit   'express-rate-limit': [ '8.2.1' ],
163 silly audit   extend: [ '3.0.2' ],
163 silly audit   'fast-deep-equal': [ '3.1.3' ],
163 silly audit   'fast-fifo': [ '1.3.2' ],
163 silly audit   'fast-glob': [ '3.3.3' ],
163 silly audit   'fast-json-stable-stringify': [ '2.1.0' ],
163 silly audit   'fast-uri': [ '3.1.0' ],
163 silly audit   fastq: [ '1.20.1' ],
163 silly audit   'faye-websocket': [ '0.11.4' ],
163 silly audit   'fb-watchman': [ '2.0.2' ],
163 silly audit   fbjs: [ '3.0.5' ],
163 silly audit   'fbjs-css-vars': [ '1.0.2' ],
163 silly audit   promise: [ '7.3.1', '8.3.0' ],
163 silly audit   fdir: [ '6.5.0' ],
163 silly audit   fecha: [ '4.2.3' ],
163 silly audit   'fetch-blob': [ '3.2.0' ],
163 silly audit   filesize: [ '6.4.0' ],
163 silly audit   'fill-range': [ '7.1.1' ],
163 silly audit   'filter-obj': [ '1.1.0' ],
163 silly audit   'find-up': [ '4.1.0' ],
163 silly audit   firebase: [ '12.9.0' ],
163 silly audit   'firebase-tools': [ '15.5.1' ],
163 silly audit   ignore: [ '7.0.5', '5.3.2' ],
163 silly audit   'is-wsl': [ '1.1.0', '2.2.0' ],
163 silly audit   'log-symbols': [ '4.1.0', '2.2.0' ],
163 silly audit   mime: [ '2.6.0', '1.6.0' ],
163 silly audit   ora: [ '5.4.1', '3.4.0' ],
163 silly audit   'restore-cursor': [ '3.1.0', '2.0.0' ],
163 silly audit   uuid: [ '8.3.2', '9.0.1', '7.0.3' ],
163 silly audit   'flow-enums-runtime': [ '0.0.6' ],
163 silly audit   'fn.name': [ '1.1.0' ],
163 silly audit   fontfaceobserver: [ '2.3.0' ],
163 silly audit   'foreground-child': [ '3.3.1' ],
163 silly audit   'form-data': [ '4.0.5' ],
163 silly audit   'formdata-polyfill': [ '4.0.10' ],
163 silly audit   forwarded: [ '0.2.0' ],
163 silly audit   'freeport-async': [ '2.0.0' ],
163 silly audit   'fs-extra': [ '10.1.0' ],
163 silly audit   universalify: [ '2.0.1', '0.2.0' ],
163 silly audit   'fs-minipass': [ '3.0.3' ],
163 silly audit   'fs.realpath': [ '1.0.0' ],
163 silly audit   fsevents: [ '2.3.3' ],
163 silly audit   'function-bind': [ '1.1.2' ],
163 silly audit   fuzzy: [ '0.1.3' ],
163 silly audit   gensync: [ '1.0.0-beta.2' ],
163 silly audit   'get-caller-file': [ '2.0.5' ],
163 silly audit   'get-intrinsic': [ '1.3.0' ],
163 silly audit   'get-nonce': [ '1.0.1' ],
163 silly audit   'get-package-type': [ '0.1.0' ],
163 silly audit   'get-proto': [ '1.0.1' ],
163 silly audit   'get-stream': [ '6.0.1', '5.2.0' ],
163 silly audit   'get-uri': [ '6.0.5' ],
163 silly audit   getenv: [ '2.0.0' ],
163 silly audit   'glob-slash': [ '1.0.0' ],
163 silly audit   'glob-slasher': [ '1.0.1' ],
163 silly audit   'global-dirs': [ '0.1.1', '3.0.1' ],
163 silly audit   'google-gax': [ '5.0.6' ],
163 silly audit   'googleapis-common': [ '8.0.1' ],
163 silly audit   gopd: [ '1.2.0' ],
163 silly audit   handlebars: [ '4.7.8' ],
163 silly audit   'has-symbols': [ '1.1.0' ],
163 silly audit   'has-tostringtag': [ '1.0.2' ],
163 silly audit   'has-yarn': [ '2.1.0' ],
163 silly audit   hasown: [ '2.0.2' ],
163 silly audit   'heap-js': [ '2.7.1' ],
163 silly audit   'hermes-estree': [ '0.29.1', '0.32.0' ],
163 silly audit   'hermes-parser': [ '0.29.1', '0.32.0' ],
163 silly audit   'highlight.js': [ '10.7.3' ],
163 silly audit   hono: [ '4.11.9' ],
163 silly audit   'hosted-git-info': [ '7.0.2' ],
163 silly audit   'html-encoding-sniffer': [ '3.0.0' ],
163 silly audit   'html-escaper': [ '2.0.2' ],
163 silly audit   'http-cache-semantics': [ '4.2.0' ],
163 silly audit   'http-errors': [ '2.0.1' ],
163 silly audit   'http-parser-js': [ '0.5.10' ],
163 silly audit   'human-signals': [ '2.1.0' ],
163 silly audit   'hyphenate-style-name': [ '1.1.0' ],
163 silly audit   idb: [ '7.1.1' ],
163 silly audit   ieee754: [ '1.2.1' ],
163 silly audit   'image-size': [ '1.2.1' ],
163 silly audit   'import-lazy': [ '2.1.0' ],
163 silly audit   'import-local': [ '3.2.0' ],
163 silly audit   imurmurhash: [ '0.1.4' ],
163 silly audit   'indent-string': [ '4.0.0' ],
163 silly audit   'infer-owner': [ '1.0.4' ],
163 silly audit   inflight: [ '1.0.6' ],
163 silly audit   inherits: [ '2.0.4' ],
163 silly audit   ini: [ '1.3.8', '2.0.0' ],
163 silly audit   'inline-style-prefixer': [ '7.0.1' ],
163 silly audit   'install-artifact-from-github': [ '1.4.0' ],
163 silly audit   invariant: [ '2.2.4' ],
163 silly audit   'ip-address': [ '10.0.1' ],
163 silly audit   'ip-regex': [ '4.3.0' ],
163 silly audit   'ipaddr.js': [ '1.9.1' ],
163 silly audit   'is-arrayish': [ '0.2.1', '0.3.4' ],
163 silly audit   'is-binary-path': [ '2.1.0' ],
163 silly audit   'is-buffer': [ '1.1.6' ],
163 silly audit   'is-ci': [ '2.0.0' ],
163 silly audit   'is-core-module': [ '2.16.1' ],
163 silly audit   'is-docker': [ '2.2.1' ],
163 silly audit   'is-extglob': [ '2.1.1' ],
163 silly audit   'is-fullwidth-code-point': [ '3.0.0' ],
163 silly audit   'is-generator-fn': [ '2.1.0' ],
163 silly audit   'is-glob': [ '4.0.3' ],
163 silly audit   'is-installed-globally': [ '0.4.0' ],
163 silly audit   'is-interactive': [ '1.0.0' ],
163 silly audit   'is-npm': [ '5.0.0' ],
163 silly audit   'is-number': [ '7.0.0', '2.1.0' ],
163 silly audit   'is-obj': [ '2.0.0' ],
163 silly audit   'is-path-inside': [ '3.0.3' ],
163 silly audit   'is-potential-custom-element-name': [ '1.0.1' ],
163 silly audit   'is-promise': [ '4.0.0' ],
163 silly audit   'is-stream': [ '2.0.1' ],
163 silly audit   'is-stream-ended': [ '0.1.4' ],
163 silly audit   'is-typedarray': [ '1.0.0' ],
163 silly audit   'is-unicode-supported': [ '0.1.0' ],
163 silly audit   'is-url': [ '1.2.4' ],
163 silly audit   'is-yarn-global': [ '0.3.0' ],
163 silly audit   is2: [ '2.0.9' ],
163 silly audit   isarray: [ '1.0.0', '0.0.1' ],
163 silly audit   isexe: [ '2.0.0', '3.1.5' ],
163 silly audit   'isomorphic-fetch': [ '3.0.0' ],
163 silly audit   'istanbul-lib-coverage': [ '3.2.2' ],
163 silly audit   'istanbul-lib-report': [ '3.0.1' ],
163 silly audit   'istanbul-lib-source-maps': [ '4.0.1' ],
163 silly audit   'istanbul-reports': [ '3.2.0' ],
163 silly audit   jackspeak: [ '3.4.3' ],
163 silly audit   jest: [ '29.7.0' ],
163 silly audit   'jest-changed-files': [ '29.7.0' ],
163 silly audit   'jest-circus': [ '29.7.0' ],
163 silly audit   'jest-cli': [ '29.7.0' ],
163 silly audit   'jest-config': [ '29.7.0' ],
163 silly audit   'jest-docblock': [ '29.7.0' ],
163 silly audit   'jest-each': [ '29.7.0' ],
163 silly audit   'jest-environment-jsdom': [ '29.7.0' ],
163 silly audit   'jest-environment-node': [ '29.7.0' ],
163 silly audit   'jest-expo': [ '54.0.17' ],
163 silly audit   'jest-get-type': [ '29.6.3' ],
163 silly audit   'jest-haste-map': [ '29.7.0' ],
163 silly audit   'jest-junit': [ '16.0.0' ],
163 silly audit   'jest-leak-detector': [ '29.7.0' ],
163 silly audit   'jest-pnp-resolver': [ '1.2.3' ],
163 silly audit   'jest-resolve': [ '29.7.0' ],
163 silly audit   'jest-resolve-dependencies': [ '29.7.0' ],
163 silly audit   'jest-runner': [ '29.7.0' ],
163 silly audit   'source-map-support': [ '0.5.13', '0.5.21' ],
163 silly audit   'jest-runtime': [ '29.7.0' ],
163 silly audit   'jest-snapshot': [ '29.7.0' ],
163 silly audit   'jest-validate': [ '29.7.0' ],
163 silly audit   'jest-watch-select-projects': [ '2.0.0' ],
163 silly audit   'jest-watch-typeahead': [ '2.2.1' ],
163 silly audit   slash: [ '5.1.0', '3.0.0' ],
163 silly audit   'string-length': [ '5.0.1', '4.0.2' ],
163 silly audit   'jest-watcher': [ '29.7.0' ],
163 silly audit   'jest-worker': [ '29.7.0' ],
163 silly audit   'jimp-compact': [ '0.16.1' ],
163 silly audit   jiti: [ '1.21.7' ],
163 silly audit   jju: [ '1.4.0' ],
163 silly audit   'join-path': [ '1.1.1' ],
163 silly audit   jose: [ '6.1.3' ],
163 silly audit   'js-tokens': [ '4.0.0' ],
163 silly audit   'jsc-safe-url': [ '0.2.4' ],
163 silly audit   jsdom: [ '20.0.3' ],
163 silly audit   jsesc: [ '3.1.0' ],
163 silly audit   'json-bigint': [ '1.0.0' ],
163 silly audit   'json-parse-even-better-errors': [ '2.3.1' ],
163 silly audit   'json-parse-helpfulerror': [ '1.0.3' ],
163 silly audit   'json-ptr': [ '3.1.1' ],
163 silly audit   'json-schema-traverse': [ '1.0.0' ],
163 silly audit   'json-schema-typed': [ '8.0.2' ],
163 silly audit   json5: [ '2.2.3' ],
163 silly audit   jsonfile: [ '6.2.0' ],
163 silly audit   jsonwebtoken: [ '9.0.3' ],
163 silly audit   jwa: [ '2.0.1' ],
163 silly audit   jws: [ '4.0.1' ],
163 silly audit   'kind-of': [ '3.2.2' ],
163 silly audit   kleur: [ '3.0.3' ],
163 silly audit   kuler: [ '2.0.0' ],
163 silly audit   'lan-network': [ '0.1.7' ],
163 silly audit   lazystream: [ '1.0.1' ],
163 silly audit   string_decoder: [ '1.1.1', '1.3.0' ],
163 silly audit   leven: [ '3.1.0' ],
163 silly audit   libsodium: [ '0.7.16' ],
163 silly audit   'libsodium-wrappers': [ '0.7.16' ],
163 silly audit   'lighthouse-logger': [ '1.4.2' ],
163 silly audit   lightningcss: [ '1.31.1', '1.27.0' ],
163 silly audit   'lightningcss-android-arm64': [ '1.31.1' ],
163 silly audit   'lightningcss-darwin-arm64': [ '1.31.1', '1.27.0' ],
163 silly audit   'lightningcss-darwin-x64': [ '1.31.1', '1.27.0' ],
163 silly audit   'lightningcss-freebsd-x64': [ '1.31.1', '1.27.0' ],
163 silly audit   'lightningcss-linux-arm-gnueabihf': [ '1.31.1', '1.27.0' ],
163 silly audit   'lightningcss-linux-arm64-gnu': [ '1.31.1', '1.27.0' ],
163 silly audit   'lightningcss-linux-arm64-musl': [ '1.31.1', '1.27.0' ],
163 silly audit   'lightningcss-linux-x64-gnu': [ '1.31.1', '1.27.0' ],
163 silly audit   'lightningcss-linux-x64-musl': [ '1.31.1', '1.27.0' ],
163 silly audit   'lightningcss-win32-arm64-msvc': [ '1.31.1', '1.27.0' ],
163 silly audit   'lightningcss-win32-x64-msvc': [ '1.31.1', '1.27.0' ],
163 silly audit   lilconfig: [ '3.1.3' ],
163 silly audit   'lines-and-columns': [ '1.2.4' ],
163 silly audit   'locate-path': [ '5.0.0' ],
163 silly audit   lodash: [ '4.17.23' ],
163 silly audit   'lodash._objecttypes': [ '2.4.1' ],
163 silly audit   'lodash.camelcase': [ '4.3.0' ],
163 silly audit   'lodash.debounce': [ '4.0.8' ],
163 silly audit   'lodash.includes': [ '4.3.0' ],
163 silly audit   'lodash.isboolean': [ '3.0.3' ],
163 silly audit   'lodash.isinteger': [ '4.0.4' ],
163 silly audit   'lodash.isnumber': [ '3.0.3' ],
163 silly audit   'lodash.isobject': [ '2.4.1' ],
163 silly audit   'lodash.isplainobject': [ '4.0.6' ],
163 silly audit   'lodash.isstring': [ '4.0.1' ],
163 silly audit   'lodash.mapvalues': [ '4.6.0' ],
163 silly audit   'lodash.memoize': [ '4.1.2' ],
163 silly audit   'lodash.once': [ '4.1.1' ],
163 silly audit   'lodash.snakecase': [ '4.1.1' ],
163 silly audit   'lodash.throttle': [ '4.1.1' ],
163 silly audit   logform: [ '2.7.0' ],
163 silly audit   long: [ '5.3.2' ],
163 silly audit   'loose-envify': [ '1.4.0' ],
163 silly audit   lsofi: [ '1.0.0' ],
163 silly audit   'make-error': [ '1.3.6' ],
163 silly audit   'make-fetch-happen': [ '15.0.3' ],
163 silly audit   'proc-log': [ '6.1.0', '4.2.0' ],
163 silly audit   makeerror: [ '1.0.12' ],
163 silly audit   marked: [ '13.0.3' ],
163 silly audit   'marked-terminal': [ '7.3.0' ],
163 silly audit   'supports-hyperlinks': [ '3.2.0', '2.3.0' ],
163 silly audit   marky: [ '1.3.0' ],
163 silly audit   'math-intrinsics': [ '1.1.0' ],
163 silly audit   'memoize-one': [ '5.2.1', '6.0.0' ],
163 silly audit   'merge-stream': [ '2.0.0' ],
163 silly audit   merge2: [ '1.4.1' ],
163 silly audit   methods: [ '1.1.2' ],
163 silly audit   metro: [ '0.83.3' ],
163 silly audit   'metro-babel-transformer': [ '0.83.3' ],
163 silly audit   'metro-cache': [ '0.83.3' ],
163 silly audit   'metro-cache-key': [ '0.83.3' ],
163 silly audit   'metro-config': [ '0.83.3' ],
163 silly audit   'metro-core': [ '0.83.3' ],
163 silly audit   'metro-file-map': [ '0.83.3' ],
163 silly audit   'metro-minify-terser': [ '0.83.3' ],
163 silly audit   'metro-resolver': [ '0.83.3' ],
163 silly audit   'metro-runtime': [ '0.83.3' ],
163 silly audit   'metro-source-map': [ '0.83.3' ],
163 silly audit   'source-map': [ '0.5.7', '0.6.1', '0.5.6' ],
163 silly audit   'metro-symbolicate': [ '0.83.3' ],
163 silly audit   'metro-transform-plugins': [ '0.83.3' ],
163 silly audit   'metro-transform-worker': [ '0.83.3' ],
163 silly audit   micromatch: [ '4.0.8' ],
163 silly audit   'mime-db': [ '1.54.0', '1.52.0' ],
163 silly audit   'mimic-fn': [ '2.1.0', '1.2.0' ],
163 silly audit   'min-indent': [ '1.0.1' ],
163 silly audit   minimist: [ '1.2.8' ],
163 silly audit   minipass: [ '7.1.2', '3.3.6' ],
163 silly audit   'minipass-collect': [ '2.0.1' ],
163 silly audit   'minipass-fetch': [ '5.0.1' ],
163 silly audit   'minipass-flush': [ '1.0.5' ],
163 silly audit   yallist: [ '4.0.0', '5.0.0', '3.1.1' ],
163 silly audit   'minipass-pipeline': [ '1.2.4' ],
163 silly audit   'minipass-sized': [ '2.0.0' ],
163 silly audit   minizlib: [ '3.1.0' ],
163 silly audit   mkdirp: [ '1.0.4' ],
163 silly audit   moo: [ '0.5.2' ],
163 silly audit   morgan: [ '1.10.1' ],
163 silly audit   'mute-stream': [ '2.0.0' ],
163 silly audit   mz: [ '2.7.0' ],
163 silly audit   nan: [ '2.25.0' ],
163 silly audit   nanoid: [ '3.3.11' ],
163 silly audit   nativewind: [ '4.2.1' ],
163 silly audit   'natural-compare': [ '1.4.0' ],
163 silly audit   nearley: [ '2.20.1' ],
163 silly audit   'neo-async': [ '2.6.2' ],
163 silly audit   'nested-error-stacks': [ '2.0.1' ],
163 silly audit   netmask: [ '2.0.2' ],
163 silly audit   'node-domexception': [ '1.0.0' ],
163 silly audit   'node-emoji': [ '2.2.0' ],
163 silly audit   tr46: [ '0.0.3', '3.0.0' ],
163 silly audit   'webidl-conversions': [ '3.0.1', '7.0.0', '5.0.0' ],
163 silly audit   'whatwg-url': [ '5.0.0', '11.0.0' ],
163 silly audit   'node-forge': [ '1.3.3' ],
163 silly audit   'node-gyp': [ '12.2.0' ],
163 silly audit   which: [ '6.0.0', '2.0.2' ],
163 silly audit   'node-int64': [ '0.4.0' ],
163 silly audit   'node-releases': [ '2.0.27' ],
163 silly audit   nopt: [ '9.0.0' ],
163 silly audit   'normalize-path': [ '3.0.0' ],
163 silly audit   'npm-install-checks': [ '6.3.0' ],
163 silly audit   'npm-normalize-package-bin': [ '3.0.1' ],
163 silly audit   'npm-package-arg': [ '11.0.3' ],
163 silly audit   'npm-pick-manifest': [ '9.1.0' ],
163 silly audit   'npm-run-path': [ '4.0.1' ],
163 silly audit   nullthrows: [ '1.1.1' ],
163 silly audit   nwsapi: [ '2.2.23' ],
163 silly audit   ob1: [ '0.83.3' ],
163 silly audit   'object-assign': [ '4.1.1' ],
163 silly audit   'object-hash': [ '3.0.0' ],
163 silly audit   'object-inspect': [ '1.13.4' ],
163 silly audit   'on-headers': [ '1.1.0' ],
163 silly audit   once: [ '1.4.0' ],
163 silly audit   'one-time': [ '1.0.0' ],
163 silly audit   onetime: [ '5.1.2', '2.0.1' ],
163 silly audit   'openapi3-ts': [ '3.2.0' ],
163 silly audit   'p-defer': [ '3.0.0' ],
163 silly audit   'p-limit': [ '3.1.0', '2.3.0' ],
163 silly audit   'p-locate': [ '4.1.0' ],
163 silly audit   'p-map': [ '7.0.4' ],
163 silly audit   'p-throttle': [ '7.0.0' ],
163 silly audit   'p-try': [ '2.2.0' ],
163 silly audit   'pac-proxy-agent': [ '7.2.0' ],
163 silly audit   'pac-resolver': [ '7.0.1' ],
163 silly audit   'package-json-from-dist': [ '1.0.1' ],
163 silly audit   'parse-json': [ '5.2.0' ],
163 silly audit   'parse-png': [ '2.1.0' ],
163 silly audit   'parse5-htmlparser2-tree-adapter': [ '6.0.1' ],
163 silly audit   parseurl: [ '1.3.3' ],
163 silly audit   'path-exists': [ '4.0.0' ],
163 silly audit   'path-is-absolute': [ '1.0.1' ],
163 silly audit   'path-key': [ '3.1.1' ],
163 silly audit   'path-parse': [ '1.0.7' ],
163 silly audit   'path-to-regexp': [ '0.1.12', '8.3.0', '1.9.0' ],
163 silly audit   pg: [ '8.18.0' ],
163 silly audit   'pg-cloudflare': [ '1.3.0' ],
163 silly audit   'pg-connection-string': [ '2.11.0' ],
163 silly audit   'pg-gateway': [ '0.3.0-beta.4' ],
163 silly audit   'pg-int8': [ '1.0.1' ],
163 silly audit   'pg-pool': [ '3.11.0' ],
163 silly audit   'pg-protocol': [ '1.11.0' ],
163 silly audit   'pg-types': [ '2.2.0' ],
163 silly audit   pgpass: [ '1.0.5' ],
163 silly audit   picocolors: [ '1.1.1' ],
163 silly audit   pify: [ '2.3.0' ],
163 silly audit   pirates: [ '4.0.7' ],
163 silly audit   'pkce-challenge': [ '5.0.1' ],
163 silly audit   'pkg-dir': [ '4.2.0' ],
163 silly audit   plist: [ '3.1.0' ],
163 silly audit   pngjs: [ '3.4.0' ],
163 silly audit   portfinder: [ '1.0.38' ],
163 silly audit   postcss: [ '8.4.49' ],
163 silly audit   'postcss-import': [ '15.1.0' ],
163 silly audit   'postcss-js': [ '4.1.0' ],
163 silly audit   'postcss-load-config': [ '6.0.1' ],
163 silly audit   'postcss-nested': [ '6.2.0' ],
163 silly audit   'postcss-selector-parser': [ '6.1.2' ],
163 silly audit   'postcss-value-parser': [ '4.2.0' ],
163 silly audit   'postgres-array': [ '2.0.0' ],
163 silly audit   'postgres-bytea': [ '1.0.1' ],
163 silly audit   'postgres-date': [ '1.0.7' ],
163 silly audit   'postgres-interval': [ '1.2.0' ],
163 silly audit   'pretty-bytes': [ '5.6.0' ],
163 silly audit   process: [ '0.11.10' ],
163 silly audit   'process-nextick-args': [ '2.0.1' ],
163 silly audit   progress: [ '2.0.3' ],
163 silly audit   'promise-breaker': [ '6.0.0' ],
163 silly audit   'promise-retry': [ '2.0.1' ],
163 silly audit   retry: [ '0.12.0', '0.13.1' ],
163 silly audit   prompts: [ '2.4.2' ],
163 silly audit   'proto-list': [ '1.2.4' ],
163 silly audit   'proto3-json-serializer': [ '3.0.4' ],
163 silly audit   protobufjs: [ '7.5.4' ],
163 silly audit   'proxy-addr': [ '2.0.7' ],
163 silly audit   'proxy-agent': [ '6.5.0' ],
163 silly audit   'proxy-from-env': [ '1.1.0' ],
163 silly audit   psl: [ '1.15.0' ],
163 silly audit   punycode: [ '2.3.1' ],
163 silly audit   pupa: [ '2.1.1' ],
163 silly audit   'pure-rand': [ '6.1.0' ],
163 silly audit   'qrcode-terminal': [ '0.11.0' ],
163 silly audit   qs: [ '6.14.1' ],
163 silly audit   'query-string': [ '7.1.3' ],
163 silly audit   querystringify: [ '2.2.0' ],
163 silly audit   queue: [ '6.0.2' ],
163 silly audit   'queue-microtask': [ '1.2.3' ],
163 silly audit   'railroad-diagrams': [ '1.0.0' ],
163 silly audit   randexp: [ '0.4.6' ],
163 silly audit   'range-parser': [ '1.2.1' ],
163 silly audit   rc: [ '1.2.8' ],
163 silly audit   'strip-json-comments': [ '2.0.1', '3.1.1' ],
163 silly audit   re2: [ '1.23.3' ],
163 silly audit   react: [ '19.1.0' ],
163 silly audit   'react-devtools-core': [ '6.1.5' ],
163 silly audit   'react-dom': [ '19.1.0' ],
163 silly audit   'react-fast-compare': [ '3.2.2' ],
163 silly audit   'react-freeze': [ '1.0.4' ],
163 silly audit   'react-native': [ '0.81.5' ],
163 silly audit   'react-native-css-interop': [ '0.2.1' ],
163 silly audit   'react-native-is-edge-to-edge': [ '1.2.1' ],
163 silly audit   'react-native-reanimated': [ '4.1.6' ],
163 silly audit   'react-native-safe-area-context': [ '5.6.2' ],
163 silly audit   'react-native-screens': [ '4.16.0' ],
163 silly audit   'react-native-web': [ '0.21.2' ],
163 silly audit   'react-native-worklets': [ '0.7.2' ],
163 silly audit   'react-native-worklets-core': [ '1.6.2' ],
163 silly audit   'react-refresh': [ '0.14.2' ],
163 silly audit   'react-remove-scroll': [ '2.7.2' ],
163 silly audit   'react-remove-scroll-bar': [ '2.3.8' ],
163 silly audit   'react-style-singleton': [ '2.2.3' ],
163 silly audit   'react-test-renderer': [ '19.1.0' ],
163 silly audit   'read-cache': [ '1.0.0' ],
163 silly audit   'readdir-glob': [ '1.1.3' ],
163 silly audit   readdirp: [ '3.6.0' ],
163 silly audit   redent: [ '3.0.0' ],
163 silly audit   regenerate: [ '1.4.2' ],
163 silly audit   'regenerate-unicode-properties': [ '10.2.2' ],
163 silly audit   'regenerator-runtime': [ '0.13.11' ],
163 silly audit   'regexpu-core': [ '6.4.0' ],
163 silly audit   'registry-auth-token': [ '5.1.1' ],
163 silly audit   'registry-url': [ '5.1.0' ],
163 silly audit   regjsgen: [ '0.8.0' ],
163 silly audit   regjsparser: [ '0.13.0' ],
163 silly audit   'require-directory': [ '2.1.1' ],
163 silly audit   'require-from-string': [ '2.0.2' ],
163 silly audit   requireg: [ '0.2.2' ],
163 silly audit   resolve: [ '1.7.1', '1.22.11' ],
163 silly audit   'requires-port': [ '1.0.0' ],
163 silly audit   'resolve-cwd': [ '3.0.0' ],
163 silly audit   'resolve-from': [ '5.0.0', '4.0.0' ],
163 silly audit   'resolve-global': [ '1.0.0' ],
163 silly audit   'resolve-workspace-root': [ '2.0.1' ],
163 silly audit   'resolve.exports': [ '2.0.3' ],
163 silly audit   ret: [ '0.1.15' ],
163 silly audit   'retry-request': [ '8.0.2' ],
163 silly audit   reusify: [ '1.1.0' ],
163 silly audit   router: [ '2.2.0' ],
163 silly audit   'run-parallel': [ '1.2.0' ],
163 silly audit   'safe-stable-stringify': [ '2.5.0' ],
163 silly audit   'safer-buffer': [ '2.1.2' ],
163 silly audit   sax: [ '1.4.4' ],
163 silly audit   saxes: [ '6.0.0' ],
163 silly audit   scheduler: [ '0.26.0' ],
163 silly audit   'semver-diff': [ '3.1.1' ],
163 silly audit   'serialize-error': [ '2.1.0' ],
163 silly audit   'server-only': [ '0.0.1' ],
163 silly audit   setimmediate: [ '1.0.5' ],
163 silly audit   setprototypeof: [ '1.2.0' ],
163 silly audit   'sf-symbols-typescript': [ '2.2.0' ],
163 silly audit   shallowequal: [ '1.1.0' ],
163 silly audit   'shebang-command': [ '2.0.0' ],
163 silly audit   'shebang-regex': [ '3.0.0' ],
163 silly audit   'shell-quote': [ '1.8.3' ],
163 silly audit   'side-channel': [ '1.1.0' ],
163 silly audit   'side-channel-list': [ '1.0.0' ],
163 silly audit   'side-channel-map': [ '1.0.1' ],
163 silly audit   'side-channel-weakmap': [ '1.0.2' ],
163 silly audit   'simple-plist': [ '1.3.1' ],
163 silly audit   'simple-swizzle': [ '0.2.4' ],
163 silly audit   sisteransi: [ '1.0.5' ],
163 silly audit   'skin-tone': [ '2.0.0' ],
163 silly audit   slugify: [ '1.6.6' ],
163 silly audit   'smart-buffer': [ '4.2.0' ],
163 silly audit   socks: [ '2.8.7' ],
163 silly audit   'socks-proxy-agent': [ '8.0.5' ],
163 silly audit   'sort-any': [ '2.0.0' ],
163 silly audit   'source-map-js': [ '1.2.1' ],
163 silly audit   'split-on-first': [ '1.1.0' ],
163 silly audit   split2: [ '4.2.0' ],
163 silly audit   'sprintf-js': [ '1.0.3' ],
163 silly audit   'sql-formatter': [ '15.7.0' ],
163 silly audit   ssri: [ '13.0.1' ],
163 silly audit   'stack-generator': [ '2.0.10' ],
163 silly audit   'stack-trace': [ '0.0.10' ],
163 silly audit   'stack-utils': [ '2.0.6' ],
163 silly audit   stackframe: [ '1.3.4' ],
163 silly audit   'stacktrace-gps': [ '3.1.2' ],
163 silly audit   'stacktrace-js': [ '2.0.2' ],
163 silly audit   'stacktrace-parser': [ '0.1.11' ],
163 silly audit   'stream-buffers': [ '2.2.0' ],
163 silly audit   'stream-chain': [ '2.2.5' ],
163 silly audit   'stream-events': [ '1.0.5' ],
163 silly audit   'stream-json': [ '1.9.1' ],
163 silly audit   'stream-shift': [ '1.0.3' ],
163 silly audit   streamx: [ '2.23.0' ],
163 silly audit   'strict-uri-encode': [ '2.0.0' ],
163 silly audit   'string-hash-64': [ '1.0.3' ],
163 silly audit   'strip-bom': [ '4.0.0' ],
163 silly audit   'strip-final-newline': [ '2.0.0' ],
163 silly audit   'strip-indent': [ '3.0.0' ],
163 silly audit   'structured-headers': [ '0.4.1' ],
163 silly audit   stubs: [ '3.0.0' ],
163 silly audit   styleq: [ '0.1.3' ],
163 silly audit   sucrase: [ '3.35.1' ],
163 silly audit   superstatic: [ '10.0.0' ],
163 silly audit   'supports-preserve-symlinks-flag': [ '1.0.0' ],
163 silly audit   'symbol-tree': [ '3.2.4' ],
163 silly audit   tailwindcss: [ '3.4.19' ],
163 silly audit   tar: [ '7.5.7' ],
163 silly audit   'tar-stream': [ '3.1.7' ],
163 silly audit   'tcp-port-used': [ '1.0.2' ],
163 silly audit   'teeny-request': [ '10.1.0' ],
163 silly audit   'temp-dir': [ '2.0.0' ],
163 silly audit   'terminal-link': [ '2.1.1' ],
163 silly audit   terser: [ '5.46.0' ],
163 silly audit   'test-exclude': [ '6.0.0' ],
163 silly audit   'text-decoder': [ '1.2.3' ],
163 silly audit   'text-hex': [ '1.0.0' ],
163 silly audit   thenify: [ '3.3.1' ],
163 silly audit   'thenify-all': [ '1.6.0' ],
163 silly audit   throat: [ '5.0.0' ],
163 silly audit   through2: [ '2.0.5' ],
163 silly audit   tinyglobby: [ '0.2.15' ],
163 silly audit   tmp: [ '0.2.5' ],
163 silly audit   tmpl: [ '1.0.5' ],
163 silly audit   'to-regex-range': [ '5.0.1' ],
163 silly audit   toidentifier: [ '1.0.1' ],
163 silly audit   'tough-cookie': [ '4.1.4' ],
163 silly audit   toxic: [ '1.0.1' ],
163 silly audit   'triple-beam': [ '1.4.1' ],
163 silly audit   'ts-interface-checker': [ '0.1.13' ],
163 silly audit   'ts-jest': [ '29.4.6' ],
163 silly audit   'ts-node': [ '10.9.2' ],
163 silly audit   tslib: [ '2.8.1' ],
163 silly audit   tsscmp: [ '1.0.6' ],
163 silly audit   'type-detect': [ '4.0.8' ],
163 silly audit   'typedarray-to-buffer': [ '3.1.5' ],
163 silly audit   typescript: [ '5.9.3' ],
163 silly audit   'ua-parser-js': [ '1.0.41' ],
163 silly audit   'uglify-js': [ '3.19.3' ],
163 silly audit   undici: [ '6.23.0' ],
163 silly audit   'undici-types': [ '7.16.0' ],
163 silly audit   'unicode-canonical-property-names-ecmascript': [ '2.0.1' ],
163 silly audit   'unicode-emoji-modifier-base': [ '1.0.0' ],
163 silly audit   'unicode-match-property-ecmascript': [ '2.0.0' ],
163 silly audit   'unicode-match-property-value-ecmascript': [ '2.2.1' ],
163 silly audit   'unicode-property-aliases-ecmascript': [ '2.2.0' ],
163 silly audit   'unique-filename': [ '5.0.0' ],
163 silly audit   'unique-slug': [ '6.0.0' ],
163 silly audit   'unique-string': [ '2.0.0' ],
163 silly audit   'universal-analytics': [ '0.5.3' ],
163 silly audit   unpipe: [ '1.0.0' ],
163 silly audit   'update-browserslist-db': [ '1.2.3' ],
163 silly audit   'update-notifier-cjs': [ '5.1.7' ],
163 silly audit   'url-join': [ '0.0.1' ],
163 silly audit   'url-parse': [ '1.5.10' ],
163 silly audit   'url-template': [ '2.0.8' ],
163 silly audit   'use-callback-ref': [ '1.3.3' ],
163 silly audit   'use-latest-callback': [ '0.2.6' ],
163 silly audit   'use-sidecar': [ '1.1.3' ],
163 silly audit   'use-sync-external-store': [ '1.6.0' ],
163 silly audit   'util-deprecate': [ '1.0.2' ],
163 silly audit   'utils-merge': [ '1.0.1' ],
163 silly audit   'v8-compile-cache-lib': [ '3.0.1' ],
163 silly audit   'v8-to-istanbul': [ '9.3.0' ],
163 silly audit   'valid-url': [ '1.0.9' ],
163 silly audit   'validate-npm-package-name': [ '5.0.1' ],
163 silly audit   vary: [ '1.1.2' ],
163 silly audit   vaul: [ '1.1.2' ],
163 silly audit   vlq: [ '1.0.1' ],
163 silly audit   'w3c-xmlserializer': [ '4.0.0' ],
163 silly audit   walker: [ '1.0.8' ],
163 silly audit   'warn-once': [ '0.1.1' ],
163 silly audit   wcwidth: [ '1.0.1' ],
163 silly audit   'web-streams-polyfill': [ '3.3.3' ],
163 silly audit   'web-vitals': [ '4.2.4' ],
163 silly audit   'websocket-driver': [ '0.7.4' ],
163 silly audit   'websocket-extensions': [ '0.1.4' ],
163 silly audit   'whatwg-encoding': [ '2.0.0' ],
163 silly audit   'whatwg-fetch': [ '3.6.20' ],
163 silly audit   'whatwg-mimetype': [ '3.0.0' ],
163 silly audit   'whatwg-url-without-unicode': [ '8.0.0-3' ],
163 silly audit   'widest-line': [ '3.1.0' ],
163 silly audit   winston: [ '3.19.0' ],
163 silly audit   'winston-transport': [ '4.9.0' ],
163 silly audit   wonka: [ '6.3.5' ],
163 silly audit   wordwrap: [ '1.0.0' ],
163 silly audit   wrappy: [ '1.0.2' ],
163 silly audit   xcode: [ '3.0.1' ],
163 silly audit   'xdg-basedir': [ '4.0.0' ],
163 silly audit   xml: [ '1.0.1' ],
163 silly audit   'xml-name-validator': [ '4.0.0' ],
163 silly audit   xml2js: [ '0.6.0' ],
163 silly audit   xmlbuilder: [ '11.0.1', '15.1.1' ],
163 silly audit   xmlchars: [ '2.2.0' ],
163 silly audit   xtend: [ '4.0.2' ],
163 silly audit   y18n: [ '5.0.8' ],
163 silly audit   yaml: [ '2.8.2' ],
163 silly audit   yn: [ '3.1.1' ],
163 silly audit   'yocto-queue': [ '0.1.0' ],
163 silly audit   'yoctocolors-cjs': [ '2.1.3' ],
163 silly audit   'zip-stream': [ '6.0.1' ],
163 silly audit   zod: [ '3.25.76' ],
163 silly audit   'zod-to-json-schema': [ '3.25.1' ],
163 silly audit   puppeteer: [ '24.37.2' ],
163 silly audit   '@puppeteer/browsers': [ '2.12.0' ],
163 silly audit   'chromium-bidi': [ '13.1.1' ],
163 silly audit   'devtools-protocol': [ '0.0.1566079' ],
163 silly audit   cosmiconfig: [ '9.0.0' ],
163 silly audit   'puppeteer-core': [ '24.37.2' ],
163 silly audit   'typed-query-selector': [ '2.12.0' ],
163 silly audit   'extract-zip': [ '2.0.1' ],
163 silly audit   'tar-fs': [ '3.1.1' ],
163 silly audit   mitt: [ '3.0.1' ],
163 silly audit   'import-fresh': [ '3.3.1' ],
163 silly audit   '@types/yauzl': [ '2.10.3' ],
163 silly audit   yauzl: [ '2.10.0' ],
163 silly audit   'parent-module': [ '1.0.1' ],
163 silly audit   'webdriver-bidi-protocol': [ '0.4.0' ],
163 silly audit   'bare-fs': [ '4.5.3' ],
163 silly audit   'bare-path': [ '3.0.0' ],
163 silly audit   pump: [ '3.0.3' ],
163 silly audit   'bare-stream': [ '2.7.0' ],
163 silly audit   'bare-url': [ '2.3.2' ],
163 silly audit   'bare-os': [ '3.6.2' ],
163 silly audit   'fd-slicer': [ '1.1.0' ],
163 silly audit   pend: [ '1.2.0' ]
163 silly audit }
164 http cache pend@https://registry.npmjs.org/pend/-/pend-1.2.0.tgz 0ms (cache hit)
165 http cache fd-slicer@https://registry.npmjs.org/fd-slicer/-/fd-slicer-1.1.0.tgz 0ms (cache hit)
166 http cache bare-url@https://registry.npmjs.org/bare-url/-/bare-url-2.3.2.tgz 0ms (cache hit)
167 http cache pump@https://registry.npmjs.org/pump/-/pump-3.0.3.tgz 0ms (cache hit)
168 http cache bare-stream@https://registry.npmjs.org/bare-stream/-/bare-stream-2.7.0.tgz 0ms (cache hit)
169 http cache bare-os@https://registry.npmjs.org/bare-os/-/bare-os-3.6.2.tgz 0ms (cache hit)
170 http cache bare-path@https://registry.npmjs.org/bare-path/-/bare-path-3.0.0.tgz 0ms (cache hit)
171 http cache bare-fs@https://registry.npmjs.org/bare-fs/-/bare-fs-4.5.3.tgz 0ms (cache hit)
172 http cache parent-module@https://registry.npmjs.org/parent-module/-/parent-module-1.0.1.tgz 0ms (cache hit)
173 http cache webdriver-bidi-protocol@https://registry.npmjs.org/webdriver-bidi-protocol/-/webdriver-bidi-protocol-0.4.0.tgz 0ms (cache hit)
174 http cache yauzl@https://registry.npmjs.org/yauzl/-/yauzl-2.10.0.tgz 0ms (cache hit)
175 http cache tar-fs@https://registry.npmjs.org/tar-fs/-/tar-fs-3.1.1.tgz 0ms (cache hit)
176 http cache @types/yauzl@https://registry.npmjs.org/@types/yauzl/-/yauzl-2.10.3.tgz 0ms (cache hit)
177 http cache mitt@https://registry.npmjs.org/mitt/-/mitt-3.0.1.tgz 0ms (cache hit)
178 http cache import-fresh@https://registry.npmjs.org/import-fresh/-/import-fresh-3.3.1.tgz 0ms (cache hit)
179 http cache cosmiconfig@https://registry.npmjs.org/cosmiconfig/-/cosmiconfig-9.0.0.tgz 0ms (cache hit)
180 http cache typed-query-selector@https://registry.npmjs.org/typed-query-selector/-/typed-query-selector-2.12.0.tgz 0ms (cache hit)
181 http cache extract-zip@https://registry.npmjs.org/extract-zip/-/extract-zip-2.0.1.tgz 0ms (cache hit)
182 http cache puppeteer-core@https://registry.npmjs.org/puppeteer-core/-/puppeteer-core-24.37.2.tgz 0ms (cache hit)
183 http cache chromium-bidi@https://registry.npmjs.org/chromium-bidi/-/chromium-bidi-13.1.1.tgz 0ms (cache hit)
184 http cache devtools-protocol@https://registry.npmjs.org/devtools-protocol/-/devtools-protocol-0.0.1566079.tgz 0ms (cache hit)
185 http cache puppeteer@https://registry.npmjs.org/puppeteer/-/puppeteer-24.37.2.tgz 0ms (cache hit)
186 http cache @puppeteer/browsers@https://registry.npmjs.org/@puppeteer/browsers/-/browsers-2.12.0.tgz 0ms (cache hit)
187 http cache get-stream@https://registry.npmjs.org/get-stream/-/get-stream-5.2.0.tgz 0ms (cache hit)
188 silly tarball no local data for pend@https://registry.npmjs.org/pend/-/pend-1.2.0.tgz. Extracting by manifest.
189 silly tarball no local data for fd-slicer@https://registry.npmjs.org/fd-slicer/-/fd-slicer-1.1.0.tgz. Extracting by manifest.
190 silly tarball no local data for bare-url@https://registry.npmjs.org/bare-url/-/bare-url-2.3.2.tgz. Extracting by manifest.
191 silly tarball no local data for pump@https://registry.npmjs.org/pump/-/pump-3.0.3.tgz. Extracting by manifest.
192 silly tarball no local data for bare-stream@https://registry.npmjs.org/bare-stream/-/bare-stream-2.7.0.tgz. Extracting by manifest.
193 silly tarball no local data for bare-os@https://registry.npmjs.org/bare-os/-/bare-os-3.6.2.tgz. Extracting by manifest.
194 silly tarball no local data for bare-path@https://registry.npmjs.org/bare-path/-/bare-path-3.0.0.tgz. Extracting by manifest.
195 silly tarball no local data for bare-fs@https://registry.npmjs.org/bare-fs/-/bare-fs-4.5.3.tgz. Extracting by manifest.
196 silly tarball no local data for parent-module@https://registry.npmjs.org/parent-module/-/parent-module-1.0.1.tgz. Extracting by manifest.
197 silly tarball no local data for webdriver-bidi-protocol@https://registry.npmjs.org/webdriver-bidi-protocol/-/webdriver-bidi-protocol-0.4.0.tgz. Extracting by manifest.
198 silly tarball no local data for yauzl@https://registry.npmjs.org/yauzl/-/yauzl-2.10.0.tgz. Extracting by manifest.
199 silly tarball no local data for tar-fs@https://registry.npmjs.org/tar-fs/-/tar-fs-3.1.1.tgz. Extracting by manifest.
200 silly tarball no local data for @types/yauzl@https://registry.npmjs.org/@types/yauzl/-/yauzl-2.10.3.tgz. Extracting by manifest.
201 silly tarball no local data for mitt@https://registry.npmjs.org/mitt/-/mitt-3.0.1.tgz. Extracting by manifest.
202 silly tarball no local data for import-fresh@https://registry.npmjs.org/import-fresh/-/import-fresh-3.3.1.tgz. Extracting by manifest.
203 silly tarball no local data for cosmiconfig@https://registry.npmjs.org/cosmiconfig/-/cosmiconfig-9.0.0.tgz. Extracting by manifest.
204 silly tarball no local data for typed-query-selector@https://registry.npmjs.org/typed-query-selector/-/typed-query-selector-2.12.0.tgz. Extracting by manifest.
205 silly tarball no local data for extract-zip@https://registry.npmjs.org/extract-zip/-/extract-zip-2.0.1.tgz. Extracting by manifest.
206 silly tarball no local data for puppeteer-core@https://registry.npmjs.org/puppeteer-core/-/puppeteer-core-24.37.2.tgz. Extracting by manifest.
207 silly tarball no local data for chromium-bidi@https://registry.npmjs.org/chromium-bidi/-/chromium-bidi-13.1.1.tgz. Extracting by manifest.
208 silly tarball no local data for devtools-protocol@https://registry.npmjs.org/devtools-protocol/-/devtools-protocol-0.0.1566079.tgz. Extracting by manifest.
209 http cache buffer-crc32@https://registry.npmjs.org/buffer-crc32/-/buffer-crc32-0.2.13.tgz 0ms (cache hit)
210 silly tarball no local data for puppeteer@https://registry.npmjs.org/puppeteer/-/puppeteer-24.37.2.tgz. Extracting by manifest.
211 silly tarball no local data for @puppeteer/browsers@https://registry.npmjs.org/@puppeteer/browsers/-/browsers-2.12.0.tgz. Extracting by manifest.
212 silly tarball no local data for get-stream@https://registry.npmjs.org/get-stream/-/get-stream-5.2.0.tgz. Extracting by manifest.
213 http cache resolve-from@https://registry.npmjs.org/resolve-from/-/resolve-from-4.0.0.tgz 0ms (cache hit)
214 silly tarball no local data for buffer-crc32@https://registry.npmjs.org/buffer-crc32/-/buffer-crc32-0.2.13.tgz. Extracting by manifest.
215 silly tarball no local data for resolve-from@https://registry.npmjs.org/resolve-from/-/resolve-from-4.0.0.tgz. Extracting by manifest.
216 http fetch GET 200 https://registry.npmjs.org/pend/-/pend-1.2.0.tgz 53ms (cache miss)
217 http fetch GET 200 https://registry.npmjs.org/bare-stream/-/bare-stream-2.7.0.tgz 58ms (cache miss)
218 http fetch GET 200 https://registry.npmjs.org/fd-slicer/-/fd-slicer-1.1.0.tgz 60ms (cache miss)
219 http fetch GET 200 https://registry.npmjs.org/pump/-/pump-3.0.3.tgz 61ms (cache miss)
220 http fetch GET 200 https://registry.npmjs.org/import-fresh/-/import-fresh-3.3.1.tgz 61ms (cache miss)
221 http fetch GET 200 https://registry.npmjs.org/typed-query-selector/-/typed-query-selector-2.12.0.tgz 83ms (cache miss)
222 http fetch POST 200 https://registry.npmjs.org/-/npm/v1/security/advisories/bulk 99ms
223 silly audit report {}
224 http fetch GET 200 https://registry.npmjs.org/parent-module/-/parent-module-1.0.1.tgz 88ms (cache miss)
225 http fetch GET 200 https://registry.npmjs.org/tar-fs/-/tar-fs-3.1.1.tgz 93ms (cache miss)
226 http fetch GET 200 https://registry.npmjs.org/extract-zip/-/extract-zip-2.0.1.tgz 97ms (cache miss)
227 http fetch GET 200 https://registry.npmjs.org/bare-url/-/bare-url-2.3.2.tgz 101ms (cache miss)
228 http fetch GET 200 https://registry.npmjs.org/bare-fs/-/bare-fs-4.5.3.tgz 101ms (cache miss)
229 http fetch GET 200 https://registry.npmjs.org/@types/yauzl/-/yauzl-2.10.3.tgz 101ms (cache miss)
230 http fetch GET 200 https://registry.npmjs.org/cosmiconfig/-/cosmiconfig-9.0.0.tgz 103ms (cache miss)
231 http fetch GET 200 https://registry.npmjs.org/yauzl/-/yauzl-2.10.0.tgz 108ms (cache miss)
232 http fetch GET 200 https://registry.npmjs.org/bare-path/-/bare-path-3.0.0.tgz 131ms (cache miss)
233 http fetch GET 200 https://registry.npmjs.org/buffer-crc32/-/buffer-crc32-0.2.13.tgz 124ms (cache miss)
234 http fetch GET 200 https://registry.npmjs.org/resolve-from/-/resolve-from-4.0.0.tgz 124ms (cache miss)
235 http fetch GET 200 https://registry.npmjs.org/get-stream/-/get-stream-5.2.0.tgz 132ms (cache miss)
236 http fetch GET 200 https://registry.npmjs.org/webdriver-bidi-protocol/-/webdriver-bidi-protocol-0.4.0.tgz 136ms (cache miss)
237 http fetch GET 200 https://registry.npmjs.org/bare-os/-/bare-os-3.6.2.tgz 159ms (cache miss)
238 http fetch GET 200 https://registry.npmjs.org/mitt/-/mitt-3.0.1.tgz 161ms (cache miss)
239 http fetch GET 200 https://registry.npmjs.org/puppeteer/-/puppeteer-24.37.2.tgz 161ms (cache miss)
240 http fetch GET 200 https://registry.npmjs.org/devtools-protocol/-/devtools-protocol-0.0.1566079.tgz 179ms (cache miss)
241 http fetch GET 200 https://registry.npmjs.org/@puppeteer/browsers/-/browsers-2.12.0.tgz 377ms (cache miss)
242 http fetch GET 200 https://registry.npmjs.org/chromium-bidi/-/chromium-bidi-13.1.1.tgz 482ms (cache miss)
243 http fetch GET 200 https://registry.npmjs.org/puppeteer-core/-/puppeteer-core-24.37.2.tgz 709ms (cache miss)
244 info run puppeteer@24.37.2 postinstall node_modules/puppeteer node install.mjs
245 info run puppeteer@24.37.2 postinstall { code: 1, signal: null }
246 verbose stack Error: command failed
246 verbose stack     at promiseSpawn (/usr/local/lib/node_modules/npm/node_modules/@npmcli/promise-spawn/lib/index.js:22:22)
246 verbose stack     at spawnWithShell (/usr/local/lib/node_modules/npm/node_modules/@npmcli/promise-spawn/lib/index.js:124:10)
246 verbose stack     at promiseSpawn (/usr/local/lib/node_modules/npm/node_modules/@npmcli/promise-spawn/lib/index.js:12:12)
246 verbose stack     at runScriptPkg (/usr/local/lib/node_modules/npm/node_modules/@npmcli/run-script/lib/run-script-pkg.js:79:13)
246 verbose stack     at runScript (/usr/local/lib/node_modules/npm/node_modules/@npmcli/run-script/lib/run-script.js:9:12)
246 verbose stack     at /usr/local/lib/node_modules/npm/node_modules/@npmcli/arborist/lib/arborist/rebuild.js:332:17
246 verbose stack     at run (/usr/local/lib/node_modules/npm/node_modules/promise-call-limit/dist/commonjs/index.js:67:22)
246 verbose stack     at /usr/local/lib/node_modules/npm/node_modules/promise-call-limit/dist/commonjs/index.js:84:9
246 verbose stack     at new Promise (<anonymous>)
246 verbose stack     at callLimit (/usr/local/lib/node_modules/npm/node_modules/promise-call-limit/dist/commonjs/index.js:35:69)
247 verbose pkgid puppeteer@24.37.2
248 error code 1
249 error path /Users/budapudi/Library/CloudStorage/OneDrive-Hilti(2)/Documents/DevCohort/Masti/GameSlot/node_modules/puppeteer
250 error command failed
251 error command sh -c node install.mjs
252 error **INFO** Skipping Firefox download as instructed.
253 error Error: ERROR: Failed to set up chrome v145.0.7632.46! Set "PUPPETEER_SKIP_DOWNLOAD" env variable to skip download.
253 error     at downloadBrowser (file:///Users/budapudi/Library/CloudStorage/OneDrive-Hilti(2)/Documents/DevCohort/Masti/GameSlot/node_modules/puppeteer/lib/esm/puppeteer/node/install.js:26:15)
253 error     at async Promise.all (index 0)
253 error     at async downloadBrowsers (file:///Users/budapudi/Library/CloudStorage/OneDrive-Hilti(2)/Documents/DevCohort/Masti/GameSlot/node_modules/puppeteer/lib/esm/puppeteer/node/install.js:84:9) {
253 error   [cause]: Error: All providers failed for chrome 145.0.7632.46:
253 error     - DefaultProvider: EPERM: operation not permitted, mkdir '/Users/budapudi/.cache'
253 error       at installWithProviders (file:///Users/budapudi/Library/CloudStorage/OneDrive-Hilti(2)/Documents/DevCohort/Masti/GameSlot/node_modules/@puppeteer/browsers/lib/esm/install.js:108:11)
253 error       at async install (file:///Users/budapudi/Library/CloudStorage/OneDrive-Hilti(2)/Documents/DevCohort/Masti/GameSlot/node_modules/@puppeteer/browsers/lib/esm/install.js:118:12)
253 error       at async downloadBrowser (file:///Users/budapudi/Library/CloudStorage/OneDrive-Hilti(2)/Documents/DevCohort/Masti/GameSlot/node_modules/puppeteer/lib/esm/puppeteer/node/install.js:14:24)
253 error       at async Promise.all (index 0)
253 error       at async downloadBrowsers (file:///Users/budapudi/Library/CloudStorage/OneDrive-Hilti(2)/Documents/DevCohort/Masti/GameSlot/node_modules/puppeteer/lib/esm/puppeteer/node/install.js:84:9)
253 error }
254 silly unfinished npm timer reify 1770781723353
255 silly unfinished npm timer reify:build 1770781726116
256 silly unfinished npm timer build 1770781726117
257 silly unfinished npm timer build:deps 1770781726117
258 silly unfinished npm timer build:run:postinstall 1770781726118
259 silly unfinished npm timer build:run:postinstall:node_modules/puppeteer 1770781726118
260 verbose cwd /Users/budapudi/Library/CloudStorage/OneDrive-Hilti(2)/Documents/DevCohort/Masti/GameSlot
261 verbose os Darwin 24.6.0
262 verbose node v24.13.0
263 verbose npm  v11.6.2
264 notice
264 notice New minor version of npm available! 11.6.2 -> 11.9.0
264 notice Changelog: https://github.com/npm/cli/releases/tag/v11.9.0
264 notice To update run: npm install -g npm@11.9.0
264 notice  { force: true, Symbol(proc-log.meta): true }
265 verbose exit 1
266 verbose code 1
267 error A complete log of this run can be found in: /Users/budapudi/Library/CloudStorage/OneDrive-Hilti(2)/Documents/DevCohort/Masti/GameSlot/npm-cache/_logs/2026-02-11T03_48_43_123Z-debug-0.log
